#
# There is insufficient memory for the Java Runtime Environment to continue.
# Native memory allocation (mmap) failed to map 184549376 bytes for Failed to commit area from 0x0000000091500000 to 0x000000009c500000 of length 184549376.
# Possible reasons:
#   The system is out of physical RAM or swap space
#   The process is running with CompressedOops enabled, and the Java Heap may be blocking the growth of the native heap
# Possible solutions:
#   Reduce memory load on the system
#   Increase physical memory or swap space
#   Check if swap backing store is full
#   Decrease Java heap size (-Xmx/-Xms)
#   Decrease number of Java threads
#   Decrease Java thread stack sizes (-Xss)
#   Set larger code cache with -XX:ReservedCodeCacheSize=
#   JVM is running with Unscaled Compressed Oops mode in which the Java heap is
#     placed in the first 4GB address space. The Java Heap base address is the
#     maximum limit for the native heap growth. Please use -XX:HeapBaseMinAddress
#     to set the Java Heap base and to place the Java Heap above 4GB virtual address.
# This output file may be truncated or incomplete.
#
#  Out of Memory Error (./src/hotspot/os/windows/os_windows.cpp:3301), pid=7076, tid=13844
#
# JRE version: OpenJDK Runtime Environment (11.0.10) (build 11.0.10+0-b96-7249189)
# Java VM: OpenJDK 64-Bit Server VM (11.0.10+0-b96-7249189, mixed mode, tiered, compressed oops, g1 gc, windows-amd64)
# No core dump will be written. Minidumps are not enabled by default on client versions of Windows
#

---------------  S U M M A R Y ------------

Command Line: --add-opens=java.base/java.util=ALL-UNNAMED --add-opens=java.base/java.lang=ALL-UNNAMED --add-opens=java.base/java.lang.invoke=ALL-UNNAMED --add-opens=java.base/java.util=ALL-UNNAMED --add-opens=java.prefs/java.util.prefs=ALL-UNNAMED --add-opens=java.prefs/java.util.prefs=ALL-UNNAMED --add-opens=java.base/java.nio.charset=ALL-UNNAMED --add-opens=java.base/java.net=ALL-UNNAMED --add-opens=java.base/java.util.concurrent.atomic=ALL-UNNAMED -Xmx2048m -Dfile.encoding=UTF-8 -Duser.country=US -Duser.language=en -Duser.variant org.gradle.launcher.daemon.bootstrap.GradleDaemon 7.0.2

Host: Intel(R) Core(TM) i5-9300H CPU @ 2.40GHz, 8 cores, 15G,  Windows 10 , 64 bit Build 19041 (10.0.19041.1202)
Time: Mon Nov  1 12:25:53 2021 India Standard Time elapsed time: 834.779514 seconds (0d 0h 13m 54s)

---------------  T H R E A D  ---------------

Current thread (0x00000245dd4f0000):  VMThread "VM Thread" [stack: 0x0000004f72900000,0x0000004f72a00000] [id=13844]

Stack: [0x0000004f72900000,0x0000004f72a00000]
[error occurred during error reporting (printing stack bounds), id 0xc0000005, EXCEPTION_ACCESS_VIOLATION (0xc0000005) at pc=0x00000245c6300f2d]

Native frames: (J=compiled Java code, j=interpreted, Vv=VM code, C=native code)
V  [jvm.dll+0x5ecfaa]
V  [jvm.dll+0x722bd5]
V  [jvm.dll+0x72412d]
V  [jvm.dll+0x724745]
V  [jvm.dll+0x7246fb]
V  [jvm.dll+0x5ec348]
V  [jvm.dll+0x5ecad8]
C  [ntdll.dll+0xa20cf]
C  [ntdll.dll+0x51454]
C  [ntdll.dll+0xa0bfe]
C  0x00000245c6300f2d

VM_Operation (0x0000004f77afd9a0): G1CollectForAllocation, mode: safepoint, requested by thread 0x00000245e0ac5800


---------------  P R O C E S S  ---------------

Threads class SMR info:
_java_thread_list=0x00000245e2cbc750, length=73, elements={
0x00000245c2811800, 0x00000245dd4f2800, 0x00000245dd4f5800, 0x00000245dd559000,
0x00000245dd55a000, 0x00000245dd55c000, 0x00000245dd55f000, 0x00000245dd56b800,
0x00000245dd570800, 0x00000245dd6d0800, 0x00000245df5be800, 0x00000245de928000,
0x00000245deaef800, 0x00000245df693800, 0x00000245df694800, 0x00000245df696000,
0x00000245df692800, 0x00000245df692000, 0x00000245e0abd800, 0x00000245e0abc800,
0x00000245e0ab8800, 0x00000245e0ab9800, 0x00000245e0abe800, 0x00000245e46bb800,
0x00000245e46ba000, 0x00000245e46b9000, 0x00000245e46b5800, 0x00000245e46bc800,
0x00000245e46bd000, 0x00000245dff9e800, 0x00000245e0ac0000, 0x00000245e0ac4000,
0x00000245e0ac5000, 0x00000245df695000, 0x00000245e46b5000, 0x00000245e46bf800,
0x00000245dff98800, 0x00000245dff99800, 0x00000245dff9b000, 0x00000245dff95800,
0x00000245dff9c000, 0x00000245dff96000, 0x00000245dffa1800, 0x00000245dff9f000,
0x00000245dff9c800, 0x00000245dffa2800, 0x00000245dffa0000, 0x00000245dffa0800,
0x00000245dffa3000, 0x00000245dff9d800, 0x00000245e5ff8800, 0x00000245e5ffa800,
0x00000245e5ff6800, 0x00000245e5ff9800, 0x00000245e5ffb000, 0x00000245e5ff7000,
0x00000245e5ffd800, 0x00000245e6001800, 0x00000245e5ffe800, 0x00000245e6001000,
0x00000245e5ffc000, 0x00000245e5fff800, 0x00000245e6000000, 0x00000245e6002800,
0x00000245e5ffd000, 0x00000245e6004000, 0x00000245e6005000, 0x00000245e0abb000,
0x00000245e0ac1800, 0x00000245e0abc000, 0x00000245e0ac2800, 0x00000245e0ac5800,
0x00000245e0ac3000
}

Java Threads: ( => current thread )
  0x00000245c2811800 JavaThread "main" [_thread_blocked, id=3796, stack(0x0000004f72300000,0x0000004f72400000)]
  0x00000245dd4f2800 JavaThread "Reference Handler" daemon [_thread_blocked, id=20624, stack(0x0000004f72a00000,0x0000004f72b00000)]
  0x00000245dd4f5800 JavaThread "Finalizer" daemon [_thread_blocked, id=6320, stack(0x0000004f72b00000,0x0000004f72c00000)]
  0x00000245dd559000 JavaThread "Signal Dispatcher" daemon [_thread_blocked, id=3840, stack(0x0000004f72c00000,0x0000004f72d00000)]
  0x00000245dd55a000 JavaThread "Attach Listener" daemon [_thread_blocked, id=18636, stack(0x0000004f72d00000,0x0000004f72e00000)]
  0x00000245dd55c000 JavaThread "Service Thread" daemon [_thread_blocked, id=13600, stack(0x0000004f72e00000,0x0000004f72f00000)]
  0x00000245dd55f000 JavaThread "C2 CompilerThread0" daemon [_thread_blocked, id=19872, stack(0x0000004f72f00000,0x0000004f73000000)]
  0x00000245dd56b800 JavaThread "C1 CompilerThread0" daemon [_thread_blocked, id=13672, stack(0x0000004f73000000,0x0000004f73100000)]
  0x00000245dd570800 JavaThread "Sweeper thread" daemon [_thread_blocked, id=12544, stack(0x0000004f73100000,0x0000004f73200000)]
  0x00000245dd6d0800 JavaThread "Common-Cleaner" daemon [_thread_blocked, id=1684, stack(0x0000004f73200000,0x0000004f73300000)]
  0x00000245df5be800 JavaThread "Daemon health stats" [_thread_blocked, id=7056, stack(0x0000004f73b00000,0x0000004f73c00000)]
  0x00000245de928000 JavaThread "Incoming local TCP Connector on port 60637" [_thread_in_native, id=21380, stack(0x0000004f73400000,0x0000004f73500000)]
  0x00000245deaef800 JavaThread "Daemon periodic checks" [_thread_blocked, id=3076, stack(0x0000004f73500000,0x0000004f73600000)]
  0x00000245df693800 JavaThread "Cache worker for file hash cache (C:\Users\mx\.gradle\caches\7.0.2\fileHashes)" [_thread_blocked, id=12120, stack(0x0000004f74400000,0x0000004f74500000)]
  0x00000245df694800 JavaThread "File lock request listener" [_thread_in_native, id=22112, stack(0x0000004f74500000,0x0000004f74600000)]
  0x00000245df696000 JavaThread "Cache worker for journal cache (C:\Users\mx\.gradle\caches\journal-1)" [_thread_blocked, id=6740, stack(0x0000004f74900000,0x0000004f74a00000)]
  0x00000245df692800 JavaThread "File watcher server" daemon [_thread_blocked, id=8928, stack(0x0000004f74b00000,0x0000004f74c00000)]
  0x00000245df692000 JavaThread "File watcher consumer" daemon [_thread_blocked, id=19072, stack(0x0000004f74c00000,0x0000004f74d00000)]
  0x00000245e0abd800 JavaThread "Cache worker for execution history cache (C:\Users\mx\.gradle\caches\7.0.2\executionHistory)" [_thread_blocked, id=20256, stack(0x0000004f75100000,0x0000004f75200000)]
  0x00000245e0abc800 JavaThread "jar transforms" [_thread_blocked, id=19020, stack(0x0000004f75200000,0x0000004f75300000)]
  0x00000245e0ab8800 JavaThread "jar transforms Thread 2" [_thread_blocked, id=18684, stack(0x0000004f75300000,0x0000004f75400000)]
  0x00000245e0ab9800 JavaThread "Cache worker for file content cache (C:\Users\mx\.gradle\caches\7.0.2\fileContent)" [_thread_blocked, id=19924, stack(0x0000004f75400000,0x0000004f75500000)]
  0x00000245e0abe800 JavaThread "jar transforms Thread 3" [_thread_blocked, id=14776, stack(0x0000004f75600000,0x0000004f75700000)]
  0x00000245e46bb800 JavaThread "jar transforms Thread 4" [_thread_blocked, id=5876, stack(0x0000004f76000000,0x0000004f76100000)]
  0x00000245e46ba000 JavaThread "jar transforms Thread 5" [_thread_blocked, id=18852, stack(0x0000004f76100000,0x0000004f76200000)]
  0x00000245e46b9000 JavaThread "jar transforms Thread 6" [_thread_blocked, id=9496, stack(0x0000004f76200000,0x0000004f76300000)]
  0x00000245e46b5800 JavaThread "jar transforms Thread 7" [_thread_blocked, id=21908, stack(0x0000004f76300000,0x0000004f76400000)]
  0x00000245e46bc800 JavaThread "jar transforms Thread 8" [_thread_blocked, id=12392, stack(0x0000004f76400000,0x0000004f76500000)]
  0x00000245e46bd000 JavaThread "Memory manager" [_thread_blocked, id=14080, stack(0x0000004f76500000,0x0000004f76600000)]
  0x00000245dff9e800 JavaThread "ForkJoinPool.commonPool-worker-9" daemon [_thread_blocked, id=13968, stack(0x0000004f77300000,0x0000004f77400000)]
  0x00000245e0ac0000 JavaThread "RMI Scheduler(0)" daemon [_thread_blocked, id=6708, stack(0x0000004f75500000,0x0000004f75600000)]
  0x00000245e0ac4000 JavaThread "RMI GC Daemon" daemon [_thread_blocked, id=12752, stack(0x0000004f76f00000,0x0000004f77000000)]
  0x00000245e0ac5000 JavaThread "RMI TCP Accept-0" daemon [_thread_in_native, id=2660, stack(0x0000004f77000000,0x0000004f77100000)]
  0x00000245df695000 JavaThread "RMI Reaper" [_thread_blocked, id=13916, stack(0x0000004f77100000,0x0000004f77200000)]
  0x00000245e46b5000 JavaThread "Daemon Thread 3" [_thread_blocked, id=15164, stack(0x0000004f73d00000,0x0000004f73e00000)]
  0x00000245e46bf800 JavaThread "Daemon worker Thread 3" [_thread_blocked, id=18904, stack(0x0000004f74000000,0x0000004f74100000)]
  0x00000245dff98800 JavaThread "Handler for socket connection from /127.0.0.1:60637 to /127.0.0.1:61282" [_thread_in_native, id=17688, stack(0x0000004f73c00000,0x0000004f73d00000)]
  0x00000245dff99800 JavaThread "Cancel handler" [_thread_blocked, id=13676, stack(0x0000004f73e00000,0x0000004f73f00000)]
  0x00000245dff9b000 JavaThread "Asynchronous log dispatcher for DefaultDaemonConnection: socket connection from /127.0.0.1:60637 to /127.0.0.1:61282" [_thread_blocked, id=15668, stack(0x0000004f73f00000,0x0000004f74000000)]
  0x00000245dff95800 JavaThread "Stdin handler" [_thread_blocked, id=12908, stack(0x0000004f74100000,0x0000004f74200000)]
  0x00000245dff9c000 JavaThread "Daemon client event forwarder" [_thread_blocked, id=12688, stack(0x0000004f74200000,0x0000004f74300000)]
  0x00000245dff96000 JavaThread "Cache worker for file hash cache (C:\Users\mx\AndroidStudioProjects\newapp\.gradle\7.0.2\fileHashes)" [_thread_blocked, id=12988, stack(0x0000004f74300000,0x0000004f74400000)]
  0x00000245dffa1800 JavaThread "Cache worker for checksums cache (C:\Users\mx\AndroidStudioProjects\newapp\.gradle\checksums)" [_thread_blocked, id=4928, stack(0x0000004f74a00000,0x0000004f74b00000)]
  0x00000245dff9f000 JavaThread "Cache worker for cache directory md-supplier (C:\Users\mx\.gradle\caches\7.0.2\md-supplier)" [_thread_blocked, id=19280, stack(0x0000004f74d00000,0x0000004f74e00000)]
  0x00000245dff9c800 JavaThread "Cache worker for cache directory md-rule (C:\Users\mx\.gradle\caches\7.0.2\md-rule)" [_thread_blocked, id=21688, stack(0x0000004f74e00000,0x0000004f74f00000)]
  0x00000245dffa2800 JavaThread "Cache worker for dependencies-accessors (C:\Users\mx\AndroidStudioProjects\newapp\.gradle\7.0.2\dependencies-accessors)" [_thread_blocked, id=3892, stack(0x0000004f74f00000,0x0000004f75000000)]
  0x00000245dffa0000 JavaThread "Cache worker for Build Output Cleanup Cache (C:\Users\mx\AndroidStudioProjects\newapp\.gradle\buildOutputCleanup)" [_thread_blocked, id=8520, stack(0x0000004f75000000,0x0000004f75100000)]
  0x00000245dffa0800 JavaThread "C2 CompilerThread1" daemon [_thread_blocked, id=3660, stack(0x0000004f75700000,0x0000004f75800000)]
  0x00000245dffa3000 JavaThread "C2 CompilerThread2" daemon [_thread_blocked, id=15712, stack(0x0000004f75800000,0x0000004f75900000)]
  0x00000245dff9d800 JavaThread "Build operations" [_thread_blocked, id=21588, stack(0x0000004f75900000,0x0000004f75a00000)]
  0x00000245e5ff8800 JavaThread "Build operations Thread 2" [_thread_blocked, id=16864, stack(0x0000004f75a00000,0x0000004f75b00000)]
  0x00000245e5ffa800 JavaThread "Build operations Thread 3" [_thread_blocked, id=10052, stack(0x0000004f75b00000,0x0000004f75c00000)]
  0x00000245e5ff6800 JavaThread "Build operations Thread 4" [_thread_blocked, id=17520, stack(0x0000004f75c00000,0x0000004f75d00000)]
  0x00000245e5ff9800 JavaThread "Build operations Thread 5" [_thread_blocked, id=11676, stack(0x0000004f75d00000,0x0000004f75e00000)]
  0x00000245e5ffb000 JavaThread "Build operations Thread 6" [_thread_blocked, id=14736, stack(0x0000004f75e00000,0x0000004f75f00000)]
  0x00000245e5ff7000 JavaThread "Build operations Thread 7" [_thread_blocked, id=19876, stack(0x0000004f75f00000,0x0000004f76000000)]
  0x00000245e5ffd800 JavaThread "Build operations Thread 8" [_thread_blocked, id=17732, stack(0x0000004f76600000,0x0000004f76700000)]
  0x00000245e6001800 JavaThread "build event listener" [_thread_blocked, id=3388, stack(0x0000004f76700000,0x0000004f76800000)]
  0x00000245e5ffe800 JavaThread "Execution worker for ':'" [_thread_blocked, id=16336, stack(0x0000004f76900000,0x0000004f76a00000)]
  0x00000245e6001000 JavaThread "Execution worker for ':' Thread 2" [_thread_blocked, id=19336, stack(0x0000004f76a00000,0x0000004f76b00000)]
  0x00000245e5ffc000 JavaThread "Execution worker for ':' Thread 3" [_thread_blocked, id=16108, stack(0x0000004f76b00000,0x0000004f76c00000)]
  0x00000245e5fff800 JavaThread "Execution worker for ':' Thread 4" [_thread_blocked, id=13496, stack(0x0000004f76c00000,0x0000004f76d00000)]
  0x00000245e6000000 JavaThread "Execution worker for ':' Thread 5" [_thread_blocked, id=7712, stack(0x0000004f76d00000,0x0000004f76e00000)]
  0x00000245e6002800 JavaThread "Execution worker for ':' Thread 6" [_thread_blocked, id=19804, stack(0x0000004f76e00000,0x0000004f76f00000)]
  0x00000245e5ffd000 JavaThread "Execution worker for ':' Thread 7" [_thread_blocked, id=20224, stack(0x0000004f77200000,0x0000004f77300000)]
  0x00000245e6004000 JavaThread "Cache worker for execution history cache (C:\Users\mx\AndroidStudioProjects\newapp\.gradle\7.0.2\executionHistory)" [_thread_blocked, id=22172, stack(0x0000004f77400000,0x0000004f77500000)]
  0x00000245e6005000 JavaThread "pool-10-thread-1" [_thread_blocked, id=3172, stack(0x0000004f77500000,0x0000004f77600000)]
  0x00000245e0abb000 JavaThread "stderr" [_thread_in_native, id=21252, stack(0x0000004f77600000,0x0000004f77700000)]
  0x00000245e0ac1800 JavaThread "stdout" [_thread_in_native, id=18296, stack(0x0000004f77700000,0x0000004f77800000)]
  0x00000245e0abc000 JavaThread "WorkerExecutor Queue" [_thread_blocked, id=3824, stack(0x0000004f77800000,0x0000004f77900000)]
  0x00000245e0ac2800 JavaThread "WorkerExecutor Queue Thread 2" [_thread_blocked, id=256, stack(0x0000004f77900000,0x0000004f77a00000)]
  0x00000245e0ac5800 JavaThread "WorkerExecutor Queue Thread 3" [_thread_blocked, id=17844, stack(0x0000004f77a00000,0x0000004f77b00000)]
  0x00000245e0ac3000 JavaThread "WorkerExecutor Queue Thread 4" [_thread_blocked, id=10600, stack(0x0000004f77b00000,0x0000004f77c00000)]

Other Threads:
=>0x00000245dd4f0000 VMThread "VM Thread" [stack: 0x0000004f72900000,0x0000004f72a00000] [id=13844]
  0x00000245dd6dd800 WatcherThread [stack: 0x0000004f73300000,0x0000004f73400000] [id=20380]
  0x00000245c282c000 GCTaskThread "GC Thread#0" [stack: 0x0000004f72400000,0x0000004f72500000] [id=2852]
  0x00000245de581800 GCTaskThread "GC Thread#1" [stack: 0x0000004f73600000,0x0000004f73700000] [id=21184]
  0x00000245de6b8000 GCTaskThread "GC Thread#2" [stack: 0x0000004f73700000,0x0000004f73800000] [id=19920]
  0x00000245de883000 GCTaskThread "GC Thread#3" [stack: 0x0000004f73800000,0x0000004f73900000] [id=19168]
  0x00000245de883800 GCTaskThread "GC Thread#4" [stack: 0x0000004f73900000,0x0000004f73a00000] [id=13524]
  0x00000245dea46800 GCTaskThread "GC Thread#5" [stack: 0x0000004f73a00000,0x0000004f73b00000] [id=12232]
  0x00000245de5f4800 GCTaskThread "GC Thread#6" [stack: 0x0000004f74600000,0x0000004f74700000] [id=20056]
  0x00000245e0209800 GCTaskThread "GC Thread#7" [stack: 0x0000004f74700000,0x0000004f74800000] [id=9448]
  0x00000245c285f800 ConcurrentGCThread "G1 Main Marker" [stack: 0x0000004f72500000,0x0000004f72600000] [id=2176]
  0x00000245c2860800 ConcurrentGCThread "G1 Conc#0" [stack: 0x0000004f72600000,0x0000004f72700000] [id=5312]
  0x00000245de868000 ConcurrentGCThread "G1 Conc#1" [stack: 0x0000004f74800000,0x0000004f74900000] [id=10936]
  0x00000245dcb40800 ConcurrentGCThread "G1 Refine#0" [stack: 0x0000004f72700000,0x0000004f72800000] [id=10212]
  0x00000245dcb41800 ConcurrentGCThread "G1 Young RemSet Sampling" [stack: 0x0000004f72800000,0x0000004f72900000] [id=3820]

Threads with active compile tasks:
C2 CompilerThread0 834796 24310       4       com.android.tools.r8.internal.mp::a (286 bytes)
C2 CompilerThread1 834796 24312       4       com.android.tools.r8.dex.j::m (2086 bytes)
C2 CompilerThread2 834796 24002       4       com.android.tools.r8.internal.X4::a (268 bytes)

VM state:at safepoint (normal execution)

VM Mutex/Monitor currently owned by a thread:  ([mutex/lock_event])
[0x00000245c280eb30] Threads_lock - owner thread: 0x00000245dd4f0000
[0x00000245c280d810] Heap_lock - owner thread: 0x00000245e0ac5800

Heap address: 0x0000000080000000, size: 2048 MB, Compressed Oops mode: 32-bit
Narrow klass base: 0x0000000000000000, Narrow klass shift: 3
Compressed class space size: 1073741824 Address: 0x0000000100000000

Heap:
 garbage-first heap   total 463872K, used 235888K [0x0000000080000000, 0x0000000100000000)
  region size 1024K, 2 young (2048K), 2 survivors (2048K)
 Metaspace       used 141036K, capacity 145725K, committed 145868K, reserved 1175552K
  class space    used 17927K, capacity 19627K, committed 19660K, reserved 1048576K
Heap Regions: E=young(eden), S=young(survivor), O=old, HS=humongous(starts), HC=humongous(continues), CS=collection set, F=free, A=archive, TAMS=top-at-mark-start (previous, next)
|   0|0x0000000080000000, 0x0000000080100000, 0x0000000080100000|100%| O|  |TAMS 0x0000000080100000, 0x0000000080000000| Updating 
|   1|0x0000000080100000, 0x0000000080200000, 0x0000000080200000|100%| O|  |TAMS 0x0000000080200000, 0x0000000080100000| Updating 
|   2|0x0000000080200000, 0x0000000080300000, 0x0000000080300000|100%| O|  |TAMS 0x0000000080300000, 0x0000000080200000| Updating 
|   3|0x0000000080300000, 0x0000000080400000, 0x0000000080400000|100%|HS|  |TAMS 0x0000000080400000, 0x0000000080300000| Complete 
|   4|0x0000000080400000, 0x0000000080500000, 0x0000000080500000|100%|HC|  |TAMS 0x0000000080500000, 0x0000000080400000| Complete 
|   5|0x0000000080500000, 0x0000000080600000, 0x0000000080600000|100%|HC|  |TAMS 0x0000000080600000, 0x0000000080500000| Complete 
|   6|0x0000000080600000, 0x0000000080700000, 0x0000000080700000|100%| O|  |TAMS 0x0000000080700000, 0x0000000080600000| Updating 
|   7|0x0000000080700000, 0x0000000080800000, 0x0000000080800000|100%| O|  |TAMS 0x0000000080800000, 0x0000000080700000| Updating 
|   8|0x0000000080800000, 0x0000000080900000, 0x0000000080900000|100%| O|  |TAMS 0x0000000080900000, 0x0000000080800000| Updating 
|   9|0x0000000080900000, 0x0000000080a00000, 0x0000000080a00000|100%| O|  |TAMS 0x0000000080a00000, 0x0000000080900000| Updating 
|  10|0x0000000080a00000, 0x0000000080b00000, 0x0000000080b00000|100%| O|  |TAMS 0x0000000080b00000, 0x0000000080a00000| Updating 
|  11|0x0000000080b00000, 0x0000000080c00000, 0x0000000080c00000|100%| O|  |TAMS 0x0000000080c00000, 0x0000000080b00000| Updating 
|  12|0x0000000080c00000, 0x0000000080d00000, 0x0000000080d00000|100%| O|  |TAMS 0x0000000080d00000, 0x0000000080c00000| Updating 
|  13|0x0000000080d00000, 0x0000000080e00000, 0x0000000080e00000|100%| O|  |TAMS 0x0000000080e00000, 0x0000000080d00000| Updating 
|  14|0x0000000080e00000, 0x0000000080f00000, 0x0000000080f00000|100%| O|  |TAMS 0x0000000080f00000, 0x0000000080e00000| Updating 
|  15|0x0000000080f00000, 0x0000000081000000, 0x0000000081000000|100%| O|  |TAMS 0x0000000081000000, 0x0000000080f00000| Updating 
|  16|0x0000000081000000, 0x0000000081100000, 0x0000000081100000|100%|HS|  |TAMS 0x0000000081100000, 0x0000000081000000| Complete 
|  17|0x0000000081100000, 0x0000000081200000, 0x0000000081200000|100%|HS|  |TAMS 0x0000000081200000, 0x0000000081100000| Complete 
|  18|0x0000000081200000, 0x0000000081300000, 0x0000000081300000|100%|HS|  |TAMS 0x0000000081300000, 0x0000000081200000| Complete 
|  19|0x0000000081300000, 0x0000000081400000, 0x0000000081400000|100%|HS|  |TAMS 0x0000000081400000, 0x0000000081300000| Complete 
|  20|0x0000000081400000, 0x0000000081500000, 0x0000000081500000|100%|HC|  |TAMS 0x0000000081500000, 0x0000000081400000| Complete 
|  21|0x0000000081500000, 0x0000000081600000, 0x0000000081600000|100%|HC|  |TAMS 0x0000000081600000, 0x0000000081500000| Complete 
|  22|0x0000000081600000, 0x0000000081700000, 0x0000000081700000|100%|HS|  |TAMS 0x0000000081700000, 0x0000000081600000| Complete 
|  23|0x0000000081700000, 0x0000000081800000, 0x0000000081800000|100%|HC|  |TAMS 0x0000000081800000, 0x0000000081700000| Complete 
|  24|0x0000000081800000, 0x0000000081900000, 0x0000000081900000|100%| O|  |TAMS 0x0000000081900000, 0x0000000081800000| Updating 
|  25|0x0000000081900000, 0x0000000081a00000, 0x0000000081a00000|100%| O|  |TAMS 0x0000000081a00000, 0x0000000081900000| Updating 
|  26|0x0000000081a00000, 0x0000000081b00000, 0x0000000081b00000|100%| O|  |TAMS 0x0000000081b00000, 0x0000000081a00000| Updating 
|  27|0x0000000081b00000, 0x0000000081c00000, 0x0000000081c00000|100%| O|  |TAMS 0x0000000081c00000, 0x0000000081b00000| Updating 
|  28|0x0000000081c00000, 0x0000000081d00000, 0x0000000081d00000|100%| O|  |TAMS 0x0000000081d00000, 0x0000000081c00000| Updating 
|  29|0x0000000081d00000, 0x0000000081e00000, 0x0000000081e00000|100%| O|  |TAMS 0x0000000081e00000, 0x0000000081d00000| Updating 
|  30|0x0000000081e00000, 0x0000000081f00000, 0x0000000081f00000|100%| O|  |TAMS 0x0000000081f00000, 0x0000000081e00000| Updating 
|  31|0x0000000081f00000, 0x0000000082000000, 0x0000000082000000|100%| O|  |TAMS 0x0000000082000000, 0x0000000081f00000| Updating 
|  32|0x0000000082000000, 0x0000000082100000, 0x0000000082100000|100%| O|  |TAMS 0x0000000082100000, 0x0000000082000000| Updating 
|  33|0x0000000082100000, 0x0000000082200000, 0x0000000082200000|100%| O|  |TAMS 0x0000000082200000, 0x0000000082100000| Updating 
|  34|0x0000000082200000, 0x0000000082300000, 0x0000000082300000|100%| O|  |TAMS 0x0000000082300000, 0x0000000082200000| Updating 
|  35|0x0000000082300000, 0x0000000082400000, 0x0000000082400000|100%| O|  |TAMS 0x0000000082400000, 0x0000000082300000| Updating 
|  36|0x0000000082400000, 0x0000000082500000, 0x0000000082500000|100%| O|  |TAMS 0x0000000082500000, 0x0000000082400000| Updating 
|  37|0x0000000082500000, 0x0000000082600000, 0x0000000082600000|100%| O|  |TAMS 0x0000000082600000, 0x0000000082500000| Updating 
|  38|0x0000000082600000, 0x0000000082700000, 0x0000000082700000|100%| O|  |TAMS 0x0000000082700000, 0x0000000082600000| Updating 
|  39|0x0000000082700000, 0x0000000082800000, 0x0000000082800000|100%| O|  |TAMS 0x0000000082800000, 0x0000000082700000| Updating 
|  40|0x0000000082800000, 0x0000000082900000, 0x0000000082900000|100%| O|  |TAMS 0x0000000082900000, 0x0000000082800000| Updating 
|  41|0x0000000082900000, 0x0000000082a00000, 0x0000000082a00000|100%| O|  |TAMS 0x0000000082a00000, 0x0000000082900000| Updating 
|  42|0x0000000082a00000, 0x0000000082b00000, 0x0000000082b00000|100%| O|  |TAMS 0x0000000082b00000, 0x0000000082a00000| Updating 
|  43|0x0000000082b00000, 0x0000000082c00000, 0x0000000082c00000|100%| O|  |TAMS 0x0000000082c00000, 0x0000000082b00000| Updating 
|  44|0x0000000082c00000, 0x0000000082d00000, 0x0000000082d00000|100%| O|  |TAMS 0x0000000082d00000, 0x0000000082c00000| Updating 
|  45|0x0000000082d00000, 0x0000000082e00000, 0x0000000082e00000|100%| O|  |TAMS 0x0000000082e00000, 0x0000000082d00000| Updating 
|  46|0x0000000082e00000, 0x0000000082f00000, 0x0000000082f00000|100%| O|  |TAMS 0x0000000082f00000, 0x0000000082e00000| Updating 
|  47|0x0000000082f00000, 0x0000000083000000, 0x0000000083000000|100%| O|  |TAMS 0x0000000083000000, 0x0000000082f00000| Updating 
|  48|0x0000000083000000, 0x0000000083100000, 0x0000000083100000|100%| O|  |TAMS 0x0000000083100000, 0x0000000083000000| Updating 
|  49|0x0000000083100000, 0x0000000083200000, 0x0000000083200000|100%| O|  |TAMS 0x0000000083200000, 0x0000000083100000| Updating 
|  50|0x0000000083200000, 0x0000000083300000, 0x0000000083300000|100%| O|  |TAMS 0x0000000083300000, 0x0000000083200000| Updating 
|  51|0x0000000083300000, 0x0000000083400000, 0x0000000083400000|100%| O|  |TAMS 0x0000000083400000, 0x0000000083300000| Updating 
|  52|0x0000000083400000, 0x0000000083500000, 0x0000000083500000|100%| O|  |TAMS 0x0000000083500000, 0x0000000083400000| Updating 
|  53|0x0000000083500000, 0x0000000083600000, 0x0000000083600000|100%| O|  |TAMS 0x0000000083600000, 0x0000000083500000| Updating 
|  54|0x0000000083600000, 0x0000000083700000, 0x0000000083700000|100%| O|  |TAMS 0x0000000083700000, 0x0000000083600000| Updating 
|  55|0x0000000083700000, 0x0000000083800000, 0x0000000083800000|100%| O|  |TAMS 0x0000000083800000, 0x0000000083700000| Updating 
|  56|0x0000000083800000, 0x0000000083900000, 0x0000000083900000|100%| O|  |TAMS 0x0000000083900000, 0x0000000083800000| Updating 
|  57|0x0000000083900000, 0x0000000083a00000, 0x0000000083a00000|100%| O|  |TAMS 0x0000000083a00000, 0x0000000083900000| Updating 
|  58|0x0000000083a00000, 0x0000000083b00000, 0x0000000083b00000|100%| O|  |TAMS 0x0000000083b00000, 0x0000000083a00000| Updating 
|  59|0x0000000083b00000, 0x0000000083c00000, 0x0000000083c00000|100%| O|  |TAMS 0x0000000083c00000, 0x0000000083b00000| Updating 
|  60|0x0000000083c00000, 0x0000000083d00000, 0x0000000083d00000|100%| O|  |TAMS 0x0000000083d00000, 0x0000000083c00000| Updating 
|  61|0x0000000083d00000, 0x0000000083e00000, 0x0000000083e00000|100%| O|  |TAMS 0x0000000083e00000, 0x0000000083d00000| Updating 
|  62|0x0000000083e00000, 0x0000000083f00000, 0x0000000083f00000|100%| O|  |TAMS 0x0000000083f00000, 0x0000000083e00000| Updating 
|  63|0x0000000083f00000, 0x0000000084000000, 0x0000000084000000|100%| O|  |TAMS 0x0000000084000000, 0x0000000083f00000| Updating 
|  64|0x0000000084000000, 0x0000000084100000, 0x0000000084100000|100%| O|  |TAMS 0x0000000084100000, 0x0000000084000000| Updating 
|  65|0x0000000084100000, 0x0000000084200000, 0x0000000084200000|100%| O|  |TAMS 0x0000000084200000, 0x0000000084100000| Updating 
|  66|0x0000000084200000, 0x0000000084300000, 0x0000000084300000|100%| O|  |TAMS 0x0000000084300000, 0x0000000084200000| Updating 
|  67|0x0000000084300000, 0x0000000084400000, 0x0000000084400000|100%| O|  |TAMS 0x0000000084400000, 0x0000000084300000| Updating 
|  68|0x0000000084400000, 0x0000000084500000, 0x0000000084500000|100%| O|  |TAMS 0x0000000084400000, 0x0000000084400000| Untracked 
|  69|0x0000000084500000, 0x0000000084600000, 0x0000000084600000|100%| O|  |TAMS 0x0000000084600000, 0x0000000084500000| Updating 
|  70|0x0000000084600000, 0x0000000084700000, 0x0000000084700000|100%| O|  |TAMS 0x0000000084600000, 0x0000000084600000| Untracked 
|  71|0x0000000084700000, 0x0000000084800000, 0x0000000084800000|100%| O|  |TAMS 0x0000000084700000, 0x0000000084700000| Untracked 
|  72|0x0000000084800000, 0x0000000084900000, 0x0000000084900000|100%| O|  |TAMS 0x0000000084900000, 0x0000000084800000| Updating 
|  73|0x0000000084900000, 0x0000000084a00000, 0x0000000084a00000|100%| O|  |TAMS 0x0000000084a00000, 0x0000000084900000| Updating 
|  74|0x0000000084a00000, 0x0000000084b00000, 0x0000000084b00000|100%| O|  |TAMS 0x0000000084b00000, 0x0000000084a00000| Updating 
|  75|0x0000000084b00000, 0x0000000084c00000, 0x0000000084c00000|100%| O|  |TAMS 0x0000000084c00000, 0x0000000084b00000| Updating 
|  76|0x0000000084c00000, 0x0000000084d00000, 0x0000000084d00000|100%| O|  |TAMS 0x0000000084d00000, 0x0000000084c00000| Updating 
|  77|0x0000000084d00000, 0x0000000084e00000, 0x0000000084e00000|100%| O|  |TAMS 0x0000000084d00000, 0x0000000084d00000| Untracked 
|  78|0x0000000084e00000, 0x0000000084f00000, 0x0000000084f00000|100%| O|  |TAMS 0x0000000084f00000, 0x0000000084e00000| Updating 
|  79|0x0000000084f00000, 0x0000000085000000, 0x0000000085000000|100%| O|  |TAMS 0x0000000085000000, 0x0000000084f00000| Updating 
|  80|0x0000000085000000, 0x0000000085100000, 0x0000000085100000|100%| O|  |TAMS 0x0000000085100000, 0x0000000085000000| Updating 
|  81|0x0000000085100000, 0x0000000085200000, 0x0000000085200000|100%| O|  |TAMS 0x0000000085200000, 0x0000000085100000| Updating 
|  82|0x0000000085200000, 0x0000000085300000, 0x0000000085300000|100%| O|  |TAMS 0x0000000085300000, 0x0000000085200000| Updating 
|  83|0x0000000085300000, 0x0000000085400000, 0x0000000085400000|100%| O|  |TAMS 0x0000000085400000, 0x0000000085300000| Updating 
|  84|0x0000000085400000, 0x0000000085500000, 0x0000000085500000|100%| O|  |TAMS 0x0000000085500000, 0x0000000085400000| Updating 
|  85|0x0000000085500000, 0x0000000085600000, 0x0000000085600000|100%| O|  |TAMS 0x0000000085600000, 0x0000000085500000| Updating 
|  86|0x0000000085600000, 0x0000000085700000, 0x0000000085700000|100%| O|  |TAMS 0x0000000085700000, 0x0000000085600000| Updating 
|  87|0x0000000085700000, 0x0000000085800000, 0x0000000085800000|100%| O|  |TAMS 0x0000000085800000, 0x0000000085700000| Updating 
|  88|0x0000000085800000, 0x0000000085900000, 0x0000000085900000|100%| O|  |TAMS 0x0000000085900000, 0x0000000085800000| Updating 
|  89|0x0000000085900000, 0x0000000085a00000, 0x0000000085a00000|100%| O|  |TAMS 0x0000000085a00000, 0x0000000085900000| Updating 
|  90|0x0000000085a00000, 0x0000000085b00000, 0x0000000085b00000|100%| O|  |TAMS 0x0000000085b00000, 0x0000000085a00000| Updating 
|  91|0x0000000085b00000, 0x0000000085c00000, 0x0000000085c00000|100%| O|  |TAMS 0x0000000085c00000, 0x0000000085b00000| Updating 
|  92|0x0000000085c00000, 0x0000000085d00000, 0x0000000085d00000|100%| O|  |TAMS 0x0000000085d00000, 0x0000000085c00000| Updating 
|  93|0x0000000085d00000, 0x0000000085e00000, 0x0000000085e00000|100%| O|  |TAMS 0x0000000085e00000, 0x0000000085d00000| Updating 
|  94|0x0000000085e00000, 0x0000000085f00000, 0x0000000085f00000|100%| O|  |TAMS 0x0000000085f00000, 0x0000000085e00000| Updating 
|  95|0x0000000085f00000, 0x0000000086000000, 0x0000000086000000|100%| O|  |TAMS 0x0000000086000000, 0x0000000085f00000| Updating 
|  96|0x0000000086000000, 0x0000000086100000, 0x0000000086100000|100%| O|  |TAMS 0x0000000086100000, 0x0000000086000000| Updating 
|  97|0x0000000086100000, 0x0000000086200000, 0x0000000086200000|100%| O|  |TAMS 0x0000000086200000, 0x0000000086100000| Updating 
|  98|0x0000000086200000, 0x0000000086300000, 0x0000000086300000|100%| O|  |TAMS 0x0000000086300000, 0x0000000086200000| Updating 
|  99|0x0000000086300000, 0x0000000086400000, 0x0000000086400000|100%| O|  |TAMS 0x0000000086400000, 0x0000000086300000| Updating 
| 100|0x0000000086400000, 0x0000000086500000, 0x0000000086500000|100%| O|  |TAMS 0x0000000086500000, 0x0000000086400000| Updating 
| 101|0x0000000086500000, 0x0000000086600000, 0x0000000086600000|100%|HS|  |TAMS 0x0000000086600000, 0x0000000086500000| Complete 
| 102|0x0000000086600000, 0x0000000086700000, 0x0000000086700000|100%|HC|  |TAMS 0x0000000086700000, 0x0000000086600000| Complete 
| 103|0x0000000086700000, 0x0000000086800000, 0x0000000086800000|100%|HS|  |TAMS 0x0000000086800000, 0x0000000086700000| Complete 
| 104|0x0000000086800000, 0x0000000086900000, 0x0000000086900000|100%|HC|  |TAMS 0x0000000086900000, 0x0000000086800000| Complete 
| 105|0x0000000086900000, 0x0000000086a00000, 0x0000000086a00000|100%|HC|  |TAMS 0x0000000086a00000, 0x0000000086900000| Complete 
| 106|0x0000000086a00000, 0x0000000086b00000, 0x0000000086b00000|100%| O|  |TAMS 0x0000000086b00000, 0x0000000086a00000| Updating 
| 107|0x0000000086b00000, 0x0000000086c00000, 0x0000000086c00000|100%| O|  |TAMS 0x0000000086c00000, 0x0000000086b00000| Updating 
| 108|0x0000000086c00000, 0x0000000086d00000, 0x0000000086d00000|100%| O|  |TAMS 0x0000000086d00000, 0x0000000086c00000| Updating 
| 109|0x0000000086d00000, 0x0000000086e00000, 0x0000000086e00000|100%| O|  |TAMS 0x0000000086e00000, 0x0000000086d00000| Updating 
| 110|0x0000000086e00000, 0x0000000086f00000, 0x0000000086f00000|100%| O|  |TAMS 0x0000000086f00000, 0x0000000086e00000| Updating 
| 111|0x0000000086f00000, 0x0000000087000000, 0x0000000087000000|100%|HS|  |TAMS 0x0000000087000000, 0x0000000086f00000| Complete 
| 112|0x0000000087000000, 0x0000000087100000, 0x0000000087100000|100%| O|  |TAMS 0x0000000087100000, 0x0000000087000000| Updating 
| 113|0x0000000087100000, 0x0000000087200000, 0x0000000087200000|100%| O|  |TAMS 0x0000000087200000, 0x0000000087100000| Updating 
| 114|0x0000000087200000, 0x0000000087300000, 0x0000000087300000|100%| O|  |TAMS 0x0000000087300000, 0x0000000087200000| Updating 
| 115|0x0000000087300000, 0x0000000087400000, 0x0000000087400000|100%| O|  |TAMS 0x0000000087400000, 0x0000000087300000| Updating 
| 116|0x0000000087400000, 0x0000000087500000, 0x0000000087500000|100%| O|  |TAMS 0x0000000087500000, 0x0000000087400000| Updating 
| 117|0x0000000087500000, 0x0000000087600000, 0x0000000087600000|100%| O|  |TAMS 0x0000000087600000, 0x0000000087500000| Updating 
| 118|0x0000000087600000, 0x0000000087700000, 0x0000000087700000|100%| O|  |TAMS 0x0000000087700000, 0x0000000087600000| Updating 
| 119|0x0000000087700000, 0x0000000087800000, 0x0000000087800000|100%|HS|  |TAMS 0x0000000087800000, 0x0000000087700000| Complete 
| 120|0x0000000087800000, 0x0000000087900000, 0x0000000087900000|100%|HC|  |TAMS 0x0000000087900000, 0x0000000087800000| Complete 
| 121|0x0000000087900000, 0x0000000087a00000, 0x0000000087a00000|100%|HS|  |TAMS 0x0000000087a00000, 0x0000000087900000| Complete 
| 122|0x0000000087a00000, 0x0000000087b00000, 0x0000000087b00000|100%| O|  |TAMS 0x0000000087b00000, 0x0000000087a00000| Updating 
| 123|0x0000000087b00000, 0x0000000087c00000, 0x0000000087c00000|100%|HS|  |TAMS 0x0000000087c00000, 0x0000000087b00000| Complete 
| 124|0x0000000087c00000, 0x0000000087d00000, 0x0000000087d00000|100%| O|  |TAMS 0x0000000087d00000, 0x0000000087c00000| Updating 
| 125|0x0000000087d00000, 0x0000000087e00000, 0x0000000087e00000|100%|HS|  |TAMS 0x0000000087e00000, 0x0000000087d00000| Complete 
| 126|0x0000000087e00000, 0x0000000087f00000, 0x0000000087f00000|100%| O|  |TAMS 0x0000000087f00000, 0x0000000087e00000| Updating 
| 127|0x0000000087f00000, 0x0000000088000000, 0x0000000088000000|100%| O|  |TAMS 0x0000000088000000, 0x0000000087f00000| Updating 
| 128|0x0000000088000000, 0x0000000088100000, 0x0000000088100000|100%|HS|  |TAMS 0x0000000088100000, 0x0000000088000000| Complete 
| 129|0x0000000088100000, 0x0000000088200000, 0x0000000088200000|100%|HC|  |TAMS 0x0000000088200000, 0x0000000088100000| Complete 
| 130|0x0000000088200000, 0x0000000088300000, 0x0000000088300000|100%|HC|  |TAMS 0x0000000088300000, 0x0000000088200000| Complete 
| 131|0x0000000088300000, 0x0000000088400000, 0x0000000088400000|100%|HC|  |TAMS 0x0000000088400000, 0x0000000088300000| Complete 
| 132|0x0000000088400000, 0x0000000088500000, 0x0000000088500000|100%|HC|  |TAMS 0x0000000088500000, 0x0000000088400000| Complete 
| 133|0x0000000088500000, 0x0000000088600000, 0x0000000088600000|100%| O|  |TAMS 0x0000000088600000, 0x0000000088500000| Updating 
| 134|0x0000000088600000, 0x0000000088700000, 0x0000000088700000|100%| O|  |TAMS 0x0000000088700000, 0x0000000088600000| Updating 
| 135|0x0000000088700000, 0x0000000088800000, 0x0000000088800000|100%| O|  |TAMS 0x0000000088800000, 0x0000000088700000| Updating 
| 136|0x0000000088800000, 0x0000000088900000, 0x0000000088900000|100%| O|  |TAMS 0x0000000088900000, 0x0000000088800000| Updating 
| 137|0x0000000088900000, 0x0000000088a00000, 0x0000000088a00000|100%| O|  |TAMS 0x0000000088a00000, 0x0000000088900000| Updating 
| 138|0x0000000088a00000, 0x0000000088b00000, 0x0000000088b00000|100%|HS|  |TAMS 0x0000000088b00000, 0x0000000088a00000| Complete 
| 139|0x0000000088b00000, 0x0000000088c00000, 0x0000000088c00000|100%| O|  |TAMS 0x0000000088c00000, 0x0000000088b00000| Updating 
| 140|0x0000000088c00000, 0x0000000088d00000, 0x0000000088d00000|100%| O|  |TAMS 0x0000000088d00000, 0x0000000088c00000| Updating 
| 141|0x0000000088d00000, 0x0000000088e00000, 0x0000000088e00000|100%|HS|  |TAMS 0x0000000088e00000, 0x0000000088d00000| Complete 
| 142|0x0000000088e00000, 0x0000000088f00000, 0x0000000088f00000|100%|HC|  |TAMS 0x0000000088f00000, 0x0000000088e00000| Complete 
| 143|0x0000000088f00000, 0x0000000089000000, 0x0000000089000000|100%|HC|  |TAMS 0x0000000089000000, 0x0000000088f00000| Complete 
| 144|0x0000000089000000, 0x0000000089100000, 0x0000000089100000|100%|HC|  |TAMS 0x0000000089100000, 0x0000000089000000| Complete 
| 145|0x0000000089100000, 0x0000000089200000, 0x0000000089200000|100%|HC|  |TAMS 0x0000000089200000, 0x0000000089100000| Complete 
| 146|0x0000000089200000, 0x0000000089300000, 0x0000000089300000|100%|HS|  |TAMS 0x0000000089300000, 0x0000000089200000| Complete 
| 147|0x0000000089300000, 0x0000000089400000, 0x0000000089400000|100%|HC|  |TAMS 0x0000000089400000, 0x0000000089300000| Complete 
| 148|0x0000000089400000, 0x0000000089500000, 0x0000000089500000|100%|HC|  |TAMS 0x0000000089500000, 0x0000000089400000| Complete 
| 149|0x0000000089500000, 0x0000000089600000, 0x0000000089600000|100%| O|  |TAMS 0x0000000089600000, 0x0000000089500000| Updating 
| 150|0x0000000089600000, 0x0000000089700000, 0x0000000089700000|100%|HS|  |TAMS 0x0000000089700000, 0x0000000089600000| Complete 
| 151|0x0000000089700000, 0x0000000089800000, 0x0000000089800000|100%| O|  |TAMS 0x0000000089800000, 0x0000000089700000| Updating 
| 152|0x0000000089800000, 0x0000000089900000, 0x0000000089900000|100%| O|  |TAMS 0x0000000089900000, 0x0000000089800000| Updating 
| 153|0x0000000089900000, 0x0000000089a00000, 0x0000000089a00000|100%|HS|  |TAMS 0x0000000089a00000, 0x0000000089900000| Complete 
| 154|0x0000000089a00000, 0x0000000089b00000, 0x0000000089b00000|100%| O|  |TAMS 0x0000000089b00000, 0x0000000089a00000| Updating 
| 155|0x0000000089b00000, 0x0000000089c00000, 0x0000000089c00000|100%|HS|  |TAMS 0x0000000089c00000, 0x0000000089b00000| Complete 
| 156|0x0000000089c00000, 0x0000000089d00000, 0x0000000089d00000|100%|HC|  |TAMS 0x0000000089d00000, 0x0000000089c00000| Complete 
| 157|0x0000000089d00000, 0x0000000089e00000, 0x0000000089e00000|100%|HS|  |TAMS 0x0000000089e00000, 0x0000000089d00000| Complete 
| 158|0x0000000089e00000, 0x0000000089f00000, 0x0000000089f00000|100%|HC|  |TAMS 0x0000000089f00000, 0x0000000089e00000| Complete 
| 159|0x0000000089f00000, 0x000000008a000000, 0x000000008a000000|100%| O|  |TAMS 0x000000008a000000, 0x0000000089f00000| Updating 
| 160|0x000000008a000000, 0x000000008a100000, 0x000000008a100000|100%| O|  |TAMS 0x000000008a100000, 0x000000008a000000| Updating 
| 161|0x000000008a100000, 0x000000008a200000, 0x000000008a200000|100%| O|  |TAMS 0x000000008a200000, 0x000000008a100000| Updating 
| 162|0x000000008a200000, 0x000000008a300000, 0x000000008a300000|100%| O|  |TAMS 0x000000008a300000, 0x000000008a200000| Updating 
| 163|0x000000008a300000, 0x000000008a400000, 0x000000008a400000|100%| O|  |TAMS 0x000000008a400000, 0x000000008a300000| Updating 
| 164|0x000000008a400000, 0x000000008a500000, 0x000000008a500000|100%| O|  |TAMS 0x000000008a500000, 0x000000008a400000| Updating 
| 165|0x000000008a500000, 0x000000008a600000, 0x000000008a600000|100%| O|  |TAMS 0x000000008a600000, 0x000000008a500000| Updating 
| 166|0x000000008a600000, 0x000000008a700000, 0x000000008a700000|100%| O|  |TAMS 0x000000008a700000, 0x000000008a600000| Updating 
| 167|0x000000008a700000, 0x000000008a800000, 0x000000008a800000|100%| O|  |TAMS 0x000000008a800000, 0x000000008a700000| Updating 
| 168|0x000000008a800000, 0x000000008a900000, 0x000000008a900000|100%| O|  |TAMS 0x000000008a900000, 0x000000008a800000| Updating 
| 169|0x000000008a900000, 0x000000008aa00000, 0x000000008aa00000|100%| O|  |TAMS 0x000000008aa00000, 0x000000008a900000| Updating 
| 170|0x000000008aa00000, 0x000000008ab00000, 0x000000008ab00000|100%| O|  |TAMS 0x000000008ab00000, 0x000000008aa00000| Updating 
| 171|0x000000008ab00000, 0x000000008ac00000, 0x000000008ac00000|100%| O|  |TAMS 0x000000008ac00000, 0x000000008ab00000| Updating 
| 172|0x000000008ac00000, 0x000000008ad00000, 0x000000008ad00000|100%| O|  |TAMS 0x000000008ad00000, 0x000000008ac00000| Updating 
| 173|0x000000008ad00000, 0x000000008ae00000, 0x000000008ae00000|100%| O|  |TAMS 0x000000008ae00000, 0x000000008ad00000| Updating 
| 174|0x000000008ae00000, 0x000000008af00000, 0x000000008af00000|100%| O|  |TAMS 0x000000008af00000, 0x000000008ae00000| Updating 
| 175|0x000000008af00000, 0x000000008b000000, 0x000000008b000000|100%| O|  |TAMS 0x000000008b000000, 0x000000008af00000| Updating 
| 176|0x000000008b000000, 0x000000008b100000, 0x000000008b100000|100%| O|  |TAMS 0x000000008b100000, 0x000000008b000000| Updating 
| 177|0x000000008b100000, 0x000000008b200000, 0x000000008b200000|100%| O|  |TAMS 0x000000008b200000, 0x000000008b100000| Updating 
| 178|0x000000008b200000, 0x000000008b300000, 0x000000008b300000|100%| O|  |TAMS 0x000000008b300000, 0x000000008b200000| Updating 
| 179|0x000000008b300000, 0x000000008b400000, 0x000000008b400000|100%| O|  |TAMS 0x000000008b400000, 0x000000008b300000| Updating 
| 180|0x000000008b400000, 0x000000008b500000, 0x000000008b500000|100%| O|  |TAMS 0x000000008b500000, 0x000000008b400000| Updating 
| 181|0x000000008b500000, 0x000000008b600000, 0x000000008b600000|100%|HS|  |TAMS 0x000000008b600000, 0x000000008b500000| Complete 
| 182|0x000000008b600000, 0x000000008b700000, 0x000000008b700000|100%| O|  |TAMS 0x000000008b700000, 0x000000008b600000| Updating 
| 183|0x000000008b700000, 0x000000008b800000, 0x000000008b800000|100%| O|  |TAMS 0x000000008b800000, 0x000000008b700000| Updating 
| 184|0x000000008b800000, 0x000000008b900000, 0x000000008b900000|100%|HS|  |TAMS 0x000000008b900000, 0x000000008b800000| Complete 
| 185|0x000000008b900000, 0x000000008ba00000, 0x000000008ba00000|100%|HC|  |TAMS 0x000000008ba00000, 0x000000008b900000| Complete 
| 186|0x000000008ba00000, 0x000000008bb00000, 0x000000008bb00000|100%| O|  |TAMS 0x000000008bb00000, 0x000000008ba00000| Updating 
| 187|0x000000008bb00000, 0x000000008bc00000, 0x000000008bc00000|100%| O|  |TAMS 0x000000008bb9e800, 0x000000008bb00000| Updating 
| 188|0x000000008bc00000, 0x000000008bd00000, 0x000000008bd00000|100%|HS|  |TAMS 0x000000008bd00000, 0x000000008bc00000| Complete 
| 189|0x000000008bd00000, 0x000000008be00000, 0x000000008be00000|100%|HC|  |TAMS 0x000000008be00000, 0x000000008bd00000| Complete 
| 190|0x000000008be00000, 0x000000008bf00000, 0x000000008bf00000|100%|HS|  |TAMS 0x000000008be00000, 0x000000008be00000| Complete 
| 191|0x000000008bf00000, 0x000000008c000000, 0x000000008c000000|100%|HS|  |TAMS 0x000000008bf00000, 0x000000008bf00000| Complete 
| 192|0x000000008c000000, 0x000000008c100000, 0x000000008c100000|100%|HS|  |TAMS 0x000000008c100000, 0x000000008c000000| Complete 
| 193|0x000000008c100000, 0x000000008c200000, 0x000000008c200000|100%|HC|  |TAMS 0x000000008c200000, 0x000000008c100000| Complete 
| 194|0x000000008c200000, 0x000000008c300000, 0x000000008c300000|100%| O|  |TAMS 0x000000008c200000, 0x000000008c200000| Untracked 
| 195|0x000000008c300000, 0x000000008c400000, 0x000000008c400000|100%|HS|  |TAMS 0x000000008c400000, 0x000000008c300000| Complete 
| 196|0x000000008c400000, 0x000000008c500000, 0x000000008c500000|100%| O|  |TAMS 0x000000008c400000, 0x000000008c400000| Untracked 
| 197|0x000000008c500000, 0x000000008c600000, 0x000000008c600000|100%|HS|  |TAMS 0x000000008c600000, 0x000000008c500000| Complete 
| 198|0x000000008c600000, 0x000000008c700000, 0x000000008c700000|100%| O|  |TAMS 0x000000008c600000, 0x000000008c600000| Untracked 
| 199|0x000000008c700000, 0x000000008c800000, 0x000000008c800000|100%|HS|  |TAMS 0x000000008c800000, 0x000000008c700000| Complete 
| 200|0x000000008c800000, 0x000000008c900000, 0x000000008c900000|100%| O|  |TAMS 0x000000008c800000, 0x000000008c800000| Untracked 
| 201|0x000000008c900000, 0x000000008ca00000, 0x000000008ca00000|100%| O|  |TAMS 0x000000008c900000, 0x000000008c900000| Untracked 
| 202|0x000000008ca00000, 0x000000008cb00000, 0x000000008cb00000|100%| O|  |TAMS 0x000000008ca00000, 0x000000008ca00000| Untracked 
| 203|0x000000008cb00000, 0x000000008cc00000, 0x000000008cc00000|100%| O|  |TAMS 0x000000008cb00000, 0x000000008cb00000| Untracked 
| 204|0x000000008cc00000, 0x000000008cd00000, 0x000000008cd00000|100%|HS|  |TAMS 0x000000008cd00000, 0x000000008cc00000| Complete 
| 205|0x000000008cd00000, 0x000000008ce00000, 0x000000008ce00000|100%| O|  |TAMS 0x000000008cd00000, 0x000000008cd00000| Updating 
| 206|0x000000008ce00000, 0x000000008cf00000, 0x000000008cf00000|100%|HS|  |TAMS 0x000000008cf00000, 0x000000008ce00000| Complete 
| 207|0x000000008cf00000, 0x000000008d000000, 0x000000008d000000|100%| O|  |TAMS 0x000000008cf00000, 0x000000008cf00000| Untracked 
| 208|0x000000008d000000, 0x000000008d100000, 0x000000008d100000|100%|HS|  |TAMS 0x000000008d100000, 0x000000008d000000| Complete 
| 209|0x000000008d100000, 0x000000008d200000, 0x000000008d200000|100%| O|  |TAMS 0x000000008d100000, 0x000000008d100000| Untracked 
| 210|0x000000008d200000, 0x000000008d300000, 0x000000008d300000|100%| O|  |TAMS 0x000000008d200000, 0x000000008d200000| Untracked 
| 211|0x000000008d300000, 0x000000008d400000, 0x000000008d400000|100%| O|  |TAMS 0x000000008d300000, 0x000000008d300000| Untracked 
| 212|0x000000008d400000, 0x000000008d45c200, 0x000000008d500000| 35%| O|  |TAMS 0x000000008d400000, 0x000000008d400000| Untracked 
| 213|0x000000008d500000, 0x000000008d500000, 0x000000008d600000|  0%| F|  |TAMS 0x000000008d500000, 0x000000008d500000| Untracked 
| 214|0x000000008d600000, 0x000000008d600000, 0x000000008d700000|  0%| F|  |TAMS 0x000000008d600000, 0x000000008d600000| Untracked 
| 215|0x000000008d700000, 0x000000008d700000, 0x000000008d800000|  0%| F|  |TAMS 0x000000008d700000, 0x000000008d700000| Untracked 
| 216|0x000000008d800000, 0x000000008d800000, 0x000000008d900000|  0%| F|  |TAMS 0x000000008d800000, 0x000000008d800000| Untracked 
| 217|0x000000008d900000, 0x000000008d900000, 0x000000008da00000|  0%| F|  |TAMS 0x000000008d900000, 0x000000008d900000| Untracked 
| 218|0x000000008da00000, 0x000000008da00000, 0x000000008db00000|  0%| F|  |TAMS 0x000000008da00000, 0x000000008da00000| Untracked 
| 219|0x000000008db00000, 0x000000008db00000, 0x000000008dc00000|  0%| F|  |TAMS 0x000000008db00000, 0x000000008db00000| Untracked 
| 220|0x000000008dc00000, 0x000000008dc00000, 0x000000008dd00000|  0%| F|  |TAMS 0x000000008dc00000, 0x000000008dc00000| Untracked 
| 221|0x000000008dd00000, 0x000000008dd00000, 0x000000008de00000|  0%| F|  |TAMS 0x000000008dd00000, 0x000000008dd00000| Untracked 
| 222|0x000000008de00000, 0x000000008de00000, 0x000000008df00000|  0%| F|  |TAMS 0x000000008de00000, 0x000000008de00000| Untracked 
| 223|0x000000008df00000, 0x000000008df00000, 0x000000008e000000|  0%| F|  |TAMS 0x000000008df00000, 0x000000008df00000| Untracked 
| 224|0x000000008e000000, 0x000000008e000000, 0x000000008e100000|  0%| F|  |TAMS 0x000000008e000000, 0x000000008e000000| Untracked 
| 225|0x000000008e100000, 0x000000008e100000, 0x000000008e200000|  0%| F|  |TAMS 0x000000008e100000, 0x000000008e100000| Untracked 
| 226|0x000000008e200000, 0x000000008e200000, 0x000000008e300000|  0%| F|  |TAMS 0x000000008e200000, 0x000000008e200000| Untracked 
| 227|0x000000008e300000, 0x000000008e300000, 0x000000008e400000|  0%| F|  |TAMS 0x000000008e300000, 0x000000008e300000| Untracked 
| 228|0x000000008e400000, 0x000000008e400000, 0x000000008e500000|  0%| F|  |TAMS 0x000000008e400000, 0x000000008e400000| Untracked 
| 229|0x000000008e500000, 0x000000008e500000, 0x000000008e600000|  0%| F|  |TAMS 0x000000008e500000, 0x000000008e500000| Untracked 
| 230|0x000000008e600000, 0x000000008e600000, 0x000000008e700000|  0%| F|  |TAMS 0x000000008e600000, 0x000000008e600000| Untracked 
| 231|0x000000008e700000, 0x000000008e700000, 0x000000008e800000|  0%| F|  |TAMS 0x000000008e700000, 0x000000008e700000| Untracked 
| 232|0x000000008e800000, 0x000000008e800000, 0x000000008e900000|  0%| F|  |TAMS 0x000000008e800000, 0x000000008e800000| Untracked 
| 233|0x000000008e900000, 0x000000008e900000, 0x000000008ea00000|  0%| F|  |TAMS 0x000000008e900000, 0x000000008e900000| Untracked 
| 234|0x000000008ea00000, 0x000000008ea00000, 0x000000008eb00000|  0%| F|  |TAMS 0x000000008ea00000, 0x000000008ea00000| Untracked 
| 235|0x000000008eb00000, 0x000000008eb00000, 0x000000008ec00000|  0%| F|  |TAMS 0x000000008eb00000, 0x000000008eb00000| Untracked 
| 236|0x000000008ec00000, 0x000000008ec00000, 0x000000008ed00000|  0%| F|  |TAMS 0x000000008ec00000, 0x000000008ec00000| Untracked 
| 237|0x000000008ed00000, 0x000000008ed00000, 0x000000008ee00000|  0%| F|  |TAMS 0x000000008ed00000, 0x000000008ed00000| Untracked 
| 238|0x000000008ee00000, 0x000000008ee00000, 0x000000008ef00000|  0%| F|  |TAMS 0x000000008ee00000, 0x000000008ee00000| Untracked 
| 239|0x000000008ef00000, 0x000000008ef00000, 0x000000008f000000|  0%| F|  |TAMS 0x000000008ef00000, 0x000000008ef00000| Untracked 
| 240|0x000000008f000000, 0x000000008f000000, 0x000000008f100000|  0%| F|  |TAMS 0x000000008f000000, 0x000000008f000000| Untracked 
| 241|0x000000008f100000, 0x000000008f100000, 0x000000008f200000|  0%| F|  |TAMS 0x000000008f100000, 0x000000008f100000| Untracked 
| 242|0x000000008f200000, 0x000000008f200000, 0x000000008f300000|  0%| F|  |TAMS 0x000000008f200000, 0x000000008f200000| Untracked 
| 243|0x000000008f300000, 0x000000008f300000, 0x000000008f400000|  0%| F|  |TAMS 0x000000008f300000, 0x000000008f300000| Untracked 
| 244|0x000000008f400000, 0x000000008f400000, 0x000000008f500000|  0%| F|  |TAMS 0x000000008f400000, 0x000000008f400000| Untracked 
| 245|0x000000008f500000, 0x000000008f500000, 0x000000008f600000|  0%| F|  |TAMS 0x000000008f500000, 0x000000008f500000| Untracked 
| 246|0x000000008f600000, 0x000000008f700000, 0x000000008f700000|100%| S|CS|TAMS 0x000000008f600000, 0x000000008f600000| Complete 
| 247|0x000000008f700000, 0x000000008f800000, 0x000000008f800000|100%| S|CS|TAMS 0x000000008f700000, 0x000000008f700000| Complete 
| 248|0x000000008f800000, 0x000000008f800000, 0x000000008f900000|  0%| F|  |TAMS 0x000000008f800000, 0x000000008f800000| Untracked 
| 249|0x000000008f900000, 0x000000008f900000, 0x000000008fa00000|  0%| F|  |TAMS 0x000000008f900000, 0x000000008f900000| Untracked 
| 250|0x000000008fa00000, 0x000000008fa00000, 0x000000008fb00000|  0%| F|  |TAMS 0x000000008fa00000, 0x000000008fa00000| Untracked 
| 251|0x000000008fb00000, 0x000000008fb00000, 0x000000008fc00000|  0%| F|  |TAMS 0x000000008fb00000, 0x000000008fb00000| Untracked 
| 252|0x000000008fc00000, 0x000000008fc00000, 0x000000008fd00000|  0%| F|  |TAMS 0x000000008fc00000, 0x000000008fc00000| Untracked 
| 253|0x000000008fd00000, 0x000000008fd00000, 0x000000008fe00000|  0%| F|  |TAMS 0x000000008fd00000, 0x000000008fd00000| Untracked 
| 254|0x000000008fe00000, 0x000000008fe00000, 0x000000008ff00000|  0%| F|  |TAMS 0x000000008fe00000, 0x000000008fe00000| Untracked 
| 255|0x000000008ff00000, 0x000000008ff00000, 0x0000000090000000|  0%| F|  |TAMS 0x000000008ff00000, 0x000000008ff00000| Untracked 
| 256|0x0000000090000000, 0x0000000090000000, 0x0000000090100000|  0%| F|  |TAMS 0x0000000090000000, 0x0000000090000000| Untracked 
| 257|0x0000000090100000, 0x0000000090100000, 0x0000000090200000|  0%| F|  |TAMS 0x0000000090100000, 0x0000000090100000| Untracked 
| 258|0x0000000090200000, 0x0000000090200000, 0x0000000090300000|  0%| F|  |TAMS 0x0000000090200000, 0x0000000090200000| Untracked 
| 259|0x0000000090300000, 0x0000000090300000, 0x0000000090400000|  0%| F|  |TAMS 0x0000000090300000, 0x0000000090300000| Untracked 
| 260|0x0000000090400000, 0x0000000090400000, 0x0000000090500000|  0%| F|  |TAMS 0x0000000090400000, 0x0000000090400000| Untracked 
| 261|0x0000000090500000, 0x0000000090600000, 0x0000000090600000|100%| O|  |TAMS 0x0000000090600000, 0x0000000090500000| Updating 
| 262|0x0000000090600000, 0x0000000090700000, 0x0000000090700000|100%| O|  |TAMS 0x0000000090700000, 0x0000000090600000| Updating 
| 263|0x0000000090700000, 0x0000000090800000, 0x0000000090800000|100%| O|  |TAMS 0x0000000090800000, 0x0000000090700000| Updating 
| 264|0x0000000090800000, 0x0000000090900000, 0x0000000090900000|100%| O|  |TAMS 0x0000000090900000, 0x0000000090800000| Updating 
| 265|0x0000000090900000, 0x0000000090a00000, 0x0000000090a00000|100%| O|  |TAMS 0x0000000090a00000, 0x0000000090900000| Updating 
| 266|0x0000000090a00000, 0x0000000090b00000, 0x0000000090b00000|100%| O|  |TAMS 0x0000000090b00000, 0x0000000090a00000| Updating 
| 267|0x0000000090b00000, 0x0000000090c00000, 0x0000000090c00000|100%| O|  |TAMS 0x0000000090c00000, 0x0000000090b00000| Updating 
| 268|0x0000000090c00000, 0x0000000090d00000, 0x0000000090d00000|100%| O|  |TAMS 0x0000000090d00000, 0x0000000090c00000| Updating 
| 269|0x0000000090d00000, 0x0000000090e00000, 0x0000000090e00000|100%| O|  |TAMS 0x0000000090e00000, 0x0000000090d00000| Updating 
| 270|0x0000000090e00000, 0x0000000090f00000, 0x0000000090f00000|100%| O|  |TAMS 0x0000000090f00000, 0x0000000090e00000| Updating 
| 271|0x0000000090f00000, 0x0000000091000000, 0x0000000091000000|100%| O|  |TAMS 0x0000000091000000, 0x0000000090f00000| Updating 
| 272|0x0000000091000000, 0x0000000091100000, 0x0000000091100000|100%| O|  |TAMS 0x0000000091100000, 0x0000000091000000| Updating 
| 273|0x0000000091100000, 0x0000000091200000, 0x0000000091200000|100%| O|  |TAMS 0x0000000091200000, 0x0000000091100000| Updating 
| 274|0x0000000091200000, 0x0000000091300000, 0x0000000091300000|100%| O|  |TAMS 0x0000000091300000, 0x0000000091200000| Updating 
| 275|0x0000000091300000, 0x0000000091400000, 0x0000000091400000|100%| O|  |TAMS 0x0000000091400000, 0x0000000091300000| Updating 
| 276|0x0000000091400000, 0x0000000091500000, 0x0000000091500000|100%| O|  |TAMS 0x0000000091500000, 0x0000000091400000| Updating 

Card table byte_map: [0x00000245d5a30000,0x00000245d5e30000] _byte_map_base: 0x00000245d5630000

Marking Bits (Prev, Next): (CMBitMap*) 0x00000245c2856718, (CMBitMap*) 0x00000245c2856750
 Prev Bits: [0x00000245d6230000, 0x00000245d8230000)
 Next Bits: [0x00000245d8230000, 0x00000245da230000)

Polling page: 0x00000245c0790000

Metaspace:

Usage:
  Non-class:    123.14 MB capacity,   120.22 MB ( 98%) used,     2.41 MB (  2%) free+waste,   517.25 KB ( <1%) overhead. 
      Class:     19.17 MB capacity,    17.51 MB ( 91%) used,     1.43 MB (  7%) free+waste,   232.81 KB (  1%) overhead. 
       Both:    142.31 MB capacity,   137.73 MB ( 97%) used,     3.85 MB (  3%) free+waste,   750.06 KB ( <1%) overhead. 

Virtual space:
  Non-class space:      124.00 MB reserved,     123.25 MB (>99%) committed 
      Class space:        1.00 GB reserved,      19.20 MB (  2%) committed 
             Both:        1.12 GB reserved,     142.45 MB ( 12%) committed 

Chunk freelists:
   Non-Class:  2.00 KB
       Class:  21.00 KB
        Both:  23.00 KB

MaxMetaspaceSize: 17179869184.00 GB
CompressedClassSpaceSize: 1.00 GB

CodeHeap 'non-profiled nmethods': size=120000Kb used=15945Kb max_used=15945Kb free=104055Kb
 bounds [0x00000245cddd0000, 0x00000245ced70000, 0x00000245d5300000]
CodeHeap 'profiled nmethods': size=120000Kb used=48519Kb max_used=48519Kb free=71481Kb
 bounds [0x00000245c68a0000, 0x00000245c9820000, 0x00000245cddd0000]
CodeHeap 'non-nmethods': size=5760Kb used=2422Kb max_used=2492Kb free=3337Kb
 bounds [0x00000245c6300000, 0x00000245c6580000, 0x00000245c68a0000]
 total_blobs=23318 nmethods=22254 adapters=973
 compilation: enabled
              stopped_count=0, restarted_count=0
 full_count=0

Compilation events (20 events):
Event: 834.615 Thread 0x00000245dd56b800 24307       3       com.android.tools.r8.internal.vf$a::a (153 bytes)
Event: 834.615 Thread 0x00000245dd56b800 nmethod 24307 0x00000245c9815c10 code [0x00000245c9815e80, 0x00000245c98167d8]
Event: 834.689 Thread 0x00000245dd56b800 24309       1       com.android.tools.r8.internal.ak::h (5 bytes)
Event: 834.689 Thread 0x00000245dd56b800 nmethod 24309 0x00000245ced42090 code [0x00000245ced42240, 0x00000245ced422f8]
Event: 834.709 Thread 0x00000245dd56b800 24311       3       com.android.tools.r8.internal.mp::a (368 bytes)
Event: 834.710 Thread 0x00000245dd56b800 nmethod 24311 0x00000245c9816b90 code [0x00000245c9816e00, 0x00000245c9817838]
Event: 834.720 Thread 0x00000245dd55f000 nmethod 23891% 0x00000245ced42390 code [0x00000245ced436e0, 0x00000245ced4e700]
Event: 834.721 Thread 0x00000245dd55f000 24297       4       com.android.tools.r8.internal.DA::get (16 bytes)
Event: 834.732 Thread 0x00000245dd55f000 nmethod 24297 0x00000245ced56690 code [0x00000245ced56860, 0x00000245ced56ed8]
Event: 834.732 Thread 0x00000245dd55f000 24296       4       java.lang.CharacterDataLatin1::digit (32 bytes)
Event: 834.733 Thread 0x00000245dd55f000 nmethod 24296 0x00000245ced57410 code [0x00000245ced575a0, 0x00000245ced57658]
Event: 834.733 Thread 0x00000245dd55f000 24308       4       java.lang.Long::parseLong (267 bytes)
Event: 834.747 Thread 0x00000245dd55f000 nmethod 24308 0x00000245ced57710 code [0x00000245ced578e0, 0x00000245ced58018]
Event: 834.747 Thread 0x00000245dd55f000 24310       4       com.android.tools.r8.internal.mp::a (286 bytes)
Event: 834.750 Thread 0x00000245dffa0800 nmethod 24274% 0x00000245ced58590 code [0x00000245ced58b40, 0x00000245ced5e910]
Event: 834.750 Thread 0x00000245dffa0800 24298       4       com.android.tools.r8.internal.DA::a (55 bytes)
Event: 834.750 Thread 0x00000245dd56b800 24313   !   3       com.android.tools.r8.internal.r7::a (104 bytes)
Event: 834.751 Thread 0x00000245dd56b800 nmethod 24313 0x00000245c9817b10 code [0x00000245c9817d00, 0x00000245c9818258]
Event: 834.760 Thread 0x00000245dffa0800 nmethod 24298 0x00000245ced62b90 code [0x00000245ced62d60, 0x00000245ced63318]
Event: 834.760 Thread 0x00000245dffa0800 24312       4       com.android.tools.r8.dex.j::m (2086 bytes)

GC Heap History (20 events):
Event: 833.359 GC heap after
{Heap after GC invocations=62 (full 0):
 garbage-first heap   total 260096K, used 172131K [0x0000000080000000, 0x0000000100000000)
  region size 1024K, 3 young (3072K), 3 survivors (3072K)
 Metaspace       used 140458K, capacity 145077K, committed 145356K, reserved 1175552K
  class space    used 17914K, capacity 19579K, committed 19660K, reserved 1048576K
}
Event: 833.413 GC heap before
{Heap before GC invocations=62 (full 0):
 garbage-first heap   total 260096K, used 181347K [0x0000000080000000, 0x0000000100000000)
  region size 1024K, 12 young (12288K), 3 survivors (3072K)
 Metaspace       used 140567K, capacity 145155K, committed 145356K, reserved 1175552K
  class space    used 17915K, capacity 19581K, committed 19660K, reserved 1048576K
}
Event: 833.419 GC heap after
{Heap after GC invocations=63 (full 0):
 garbage-first heap   total 260096K, used 171027K [0x0000000080000000, 0x0000000100000000)
  region size 1024K, 1 young (1024K), 1 survivors (1024K)
 Metaspace       used 140567K, capacity 145155K, committed 145356K, reserved 1175552K
  class space    used 17915K, capacity 19581K, committed 19660K, reserved 1048576K
}
Event: 833.606 GC heap before
{Heap before GC invocations=63 (full 0):
 garbage-first heap   total 260096K, used 219155K [0x0000000080000000, 0x0000000100000000)
  region size 1024K, 49 young (50176K), 1 survivors (1024K)
 Metaspace       used 140715K, capacity 145400K, committed 145612K, reserved 1175552K
  class space    used 17921K, capacity 19618K, committed 19660K, reserved 1048576K
}
Event: 833.609 GC heap after
{Heap after GC invocations=64 (full 0):
 garbage-first heap   total 260096K, used 171119K [0x0000000080000000, 0x0000000100000000)
  region size 1024K, 1 young (1024K), 1 survivors (1024K)
 Metaspace       used 140715K, capacity 145400K, committed 145612K, reserved 1175552K
  class space    used 17921K, capacity 19618K, committed 19660K, reserved 1048576K
}
Event: 833.913 GC heap before
{Heap before GC invocations=65 (full 0):
 garbage-first heap   total 260096K, used 222319K [0x0000000080000000, 0x0000000100000000)
  region size 1024K, 51 young (52224K), 1 survivors (1024K)
 Metaspace       used 140811K, capacity 145529K, committed 145612K, reserved 1175552K
  class space    used 17922K, capacity 19618K, committed 19660K, reserved 1048576K
}
Event: 833.916 GC heap after
{Heap after GC invocations=66 (full 0):
 garbage-first heap   total 260096K, used 171341K [0x0000000080000000, 0x0000000100000000)
  region size 1024K, 1 young (1024K), 1 survivors (1024K)
 Metaspace       used 140811K, capacity 145529K, committed 145612K, reserved 1175552K
  class space    used 17922K, capacity 19618K, committed 19660K, reserved 1048576K
}
Event: 833.961 GC heap before
{Heap before GC invocations=66 (full 0):
 garbage-first heap   total 260096K, used 182605K [0x0000000080000000, 0x0000000100000000)
  region size 1024K, 12 young (12288K), 1 survivors (1024K)
 Metaspace       used 140816K, capacity 145530K, committed 145612K, reserved 1175552K
  class space    used 17922K, capacity 19618K, committed 19660K, reserved 1048576K
}
Event: 833.963 GC heap after
{Heap after GC invocations=67 (full 0):
 garbage-first heap   total 260096K, used 170392K [0x0000000080000000, 0x0000000100000000)
  region size 1024K, 1 young (1024K), 1 survivors (1024K)
 Metaspace       used 140816K, capacity 145530K, committed 145612K, reserved 1175552K
  class space    used 17922K, capacity 19618K, committed 19660K, reserved 1048576K
}
Event: 834.166 GC heap before
{Heap before GC invocations=67 (full 0):
 garbage-first heap   total 260096K, used 220568K [0x0000000080000000, 0x0000000100000000)
  region size 1024K, 51 young (52224K), 1 survivors (1024K)
 Metaspace       used 140959K, capacity 145634K, committed 145868K, reserved 1175552K
  class space    used 17926K, capacity 19625K, committed 19660K, reserved 1048576K
}
Event: 834.169 GC heap after
{Heap after GC invocations=68 (full 0):
 garbage-first heap   total 260096K, used 171758K [0x0000000080000000, 0x0000000100000000)
  region size 1024K, 3 young (3072K), 3 survivors (3072K)
 Metaspace       used 140959K, capacity 145634K, committed 145868K, reserved 1175552K
  class space    used 17926K, capacity 19625K, committed 19660K, reserved 1048576K
}
Event: 834.417 GC heap before
{Heap before GC invocations=68 (full 0):
 garbage-first heap   total 260096K, used 257774K [0x0000000080000000, 0x0000000100000000)
  region size 1024K, 48 young (49152K), 3 survivors (3072K)
 Metaspace       used 141033K, capacity 145725K, committed 145868K, reserved 1175552K
  class space    used 17927K, capacity 19627K, committed 19660K, reserved 1048576K
}
Event: 834.429 GC heap after
{Heap after GC invocations=69 (full 0):
 garbage-first heap   total 283648K, used 217514K [0x0000000080000000, 0x0000000100000000)
  region size 1024K, 7 young (7168K), 7 survivors (7168K)
 Metaspace       used 141033K, capacity 145725K, committed 145868K, reserved 1175552K
  class space    used 17927K, capacity 19627K, committed 19660K, reserved 1048576K
}
Event: 834.472 GC heap before
{Heap before GC invocations=70 (full 0):
 garbage-first heap   total 283648K, used 227754K [0x0000000080000000, 0x0000000100000000)
  region size 1024K, 19 young (19456K), 7 survivors (7168K)
 Metaspace       used 141033K, capacity 145725K, committed 145868K, reserved 1175552K
  class space    used 17927K, capacity 19627K, committed 19660K, reserved 1048576K
}
Event: 834.497 GC heap after
{Heap after GC invocations=71 (full 0):
 garbage-first heap   total 283648K, used 222842K [0x0000000080000000, 0x0000000100000000)
  region size 1024K, 4 young (4096K), 4 survivors (4096K)
 Metaspace       used 141033K, capacity 145725K, committed 145868K, reserved 1175552K
  class space    used 17927K, capacity 19627K, committed 19660K, reserved 1048576K
}
Event: 834.583 GC heap before
{Heap before GC invocations=71 (full 0):
 garbage-first heap   total 283648K, used 240250K [0x0000000080000000, 0x0000000100000000)
  region size 1024K, 20 young (20480K), 4 survivors (4096K)
 Metaspace       used 141033K, capacity 145725K, committed 145868K, reserved 1175552K
  class space    used 17927K, capacity 19627K, committed 19660K, reserved 1048576K
}
Event: 834.595 GC heap after
{Heap after GC invocations=72 (full 0):
 garbage-first heap   total 283648K, used 231539K [0x0000000080000000, 0x0000000100000000)
  region size 1024K, 3 young (3072K), 3 survivors (3072K)
 Metaspace       used 141033K, capacity 145725K, committed 145868K, reserved 1175552K
  class space    used 17927K, capacity 19627K, committed 19660K, reserved 1048576K
}
Event: 834.700 GC heap before
{Heap before GC invocations=72 (full 0):
 garbage-first heap   total 283648K, used 237683K [0x0000000080000000, 0x0000000100000000)
  region size 1024K, 14 young (14336K), 3 survivors (3072K)
 Metaspace       used 141036K, capacity 145725K, committed 145868K, reserved 1175552K
  class space    used 17927K, capacity 19627K, committed 19660K, reserved 1048576K
}
Event: 834.709 GC heap after
{Heap after GC invocations=73 (full 0):
 garbage-first heap   total 283648K, used 231587K [0x0000000080000000, 0x0000000100000000)
  region size 1024K, 2 young (2048K), 2 survivors (2048K)
 Metaspace       used 141036K, capacity 145725K, committed 145868K, reserved 1175552K
  class space    used 17927K, capacity 19627K, committed 19660K, reserved 1048576K
}
Event: 834.769 GC heap before
{Heap before GC invocations=73 (full 0):
 garbage-first heap   total 283648K, used 241827K [0x0000000080000000, 0x0000000100000000)
  region size 1024K, 13 young (13312K), 2 survivors (2048K)
 Metaspace       used 141036K, capacity 145725K, committed 145868K, reserved 1175552K
  class space    used 17927K, capacity 19627K, committed 19660K, reserved 1048576K
}

Deoptimization events (20 events):
Event: 834.753 Thread 0x00000245e0ac5800 DEOPT PACKING pc=0x00000245c8bb13e6 sp=0x0000004f77afda70
Event: 834.753 Thread 0x00000245e0ac5800 DEOPT UNPACKING pc=0x00000245c63276ce sp=0x0000004f77afd130 mode 0
Event: 834.754 Thread 0x00000245e0ac5800 DEOPT PACKING pc=0x00000245c8bb13e6 sp=0x0000004f77afda70
Event: 834.754 Thread 0x00000245e0ac5800 DEOPT UNPACKING pc=0x00000245c63276ce sp=0x0000004f77afd130 mode 0
Event: 834.755 Thread 0x00000245e0ac5800 DEOPT PACKING pc=0x00000245c8bb13e6 sp=0x0000004f77afda70
Event: 834.755 Thread 0x00000245e0ac5800 DEOPT UNPACKING pc=0x00000245c63276ce sp=0x0000004f77afd130 mode 0
Event: 834.757 Thread 0x00000245e0ac5800 DEOPT PACKING pc=0x00000245c8bb13e6 sp=0x0000004f77afda70
Event: 834.757 Thread 0x00000245e0ac5800 DEOPT UNPACKING pc=0x00000245c63276ce sp=0x0000004f77afd130 mode 0
Event: 834.758 Thread 0x00000245e0ac5800 DEOPT PACKING pc=0x00000245c8bb13e6 sp=0x0000004f77afda70
Event: 834.758 Thread 0x00000245e0ac5800 DEOPT UNPACKING pc=0x00000245c63276ce sp=0x0000004f77afd130 mode 0
Event: 834.759 Thread 0x00000245e0ac5800 DEOPT PACKING pc=0x00000245c8bb13e6 sp=0x0000004f77afda70
Event: 834.759 Thread 0x00000245e0ac5800 DEOPT UNPACKING pc=0x00000245c63276ce sp=0x0000004f77afd130 mode 0
Event: 834.759 Thread 0x00000245e0ac5800 DEOPT PACKING pc=0x00000245c8bb13e6 sp=0x0000004f77afda70
Event: 834.759 Thread 0x00000245e0ac5800 DEOPT UNPACKING pc=0x00000245c63276ce sp=0x0000004f77afd130 mode 0
Event: 834.760 Thread 0x00000245e0ac5800 DEOPT PACKING pc=0x00000245c8bb13e6 sp=0x0000004f77afda70
Event: 834.760 Thread 0x00000245e0ac5800 DEOPT UNPACKING pc=0x00000245c63276ce sp=0x0000004f77afd130 mode 0
Event: 834.761 Thread 0x00000245e0ac5800 DEOPT PACKING pc=0x00000245c8bb13e6 sp=0x0000004f77afda70
Event: 834.761 Thread 0x00000245e0ac5800 DEOPT UNPACKING pc=0x00000245c63276ce sp=0x0000004f77afd130 mode 0
Event: 834.767 Thread 0x00000245e0ac5800 DEOPT PACKING pc=0x00000245c8bb13e6 sp=0x0000004f77afda70
Event: 834.767 Thread 0x00000245e0ac5800 DEOPT UNPACKING pc=0x00000245c63276ce sp=0x0000004f77afd130 mode 0

Classes redefined (0 events):
No events

Internal exceptions (20 events):
Event: 823.974 Thread 0x00000245e46c0800 Exception <a 'java/lang/NoSuchMethodError'{0x000000008dd8d760}: <clinit>> (0x000000008dd8d760) thrown at [./src/hotspot/share/prims/jni.cpp, line 1362]
Event: 823.975 Thread 0x00000245e46c0800 Exception <a 'java/lang/NoSuchMethodError'{0x000000008ddaac90}: <clinit>> (0x000000008ddaac90) thrown at [./src/hotspot/share/prims/jni.cpp, line 1362]
Event: 823.976 Thread 0x00000245e46c0800 Exception <a 'java/lang/NoSuchMethodError'{0x000000008ddbad20}: <clinit>> (0x000000008ddbad20) thrown at [./src/hotspot/share/prims/jni.cpp, line 1362]
Event: 831.496 Thread 0x00000245e46bf800 Exception <a 'sun/nio/fs/WindowsException'{0x000000008c79b960}> (0x000000008c79b960) thrown at [./src/hotspot/share/prims/jni.cpp, line 615]
Event: 831.512 Thread 0x00000245e46bf800 Implicit null exception at 0x00000245cead17e1 to 0x00000245cead18e8
Event: 831.569 Thread 0x00000245e46bf800 Exception <a 'sun/nio/fs/WindowsException'{0x000000008faef7f0}> (0x000000008faef7f0) thrown at [./src/hotspot/share/prims/jni.cpp, line 615]
Event: 831.577 Thread 0x00000245e46bf800 Exception <a 'sun/nio/fs/WindowsException'{0x000000008f990ef0}> (0x000000008f990ef0) thrown at [./src/hotspot/share/prims/jni.cpp, line 615]
Event: 831.577 Thread 0x00000245e46bf800 Exception <a 'sun/nio/fs/WindowsException'{0x000000008f991fb8}> (0x000000008f991fb8) thrown at [./src/hotspot/share/prims/jni.cpp, line 615]
Event: 831.577 Thread 0x00000245e46bf800 Exception <a 'sun/nio/fs/WindowsException'{0x000000008f9930d0}> (0x000000008f9930d0) thrown at [./src/hotspot/share/prims/jni.cpp, line 615]
Event: 831.577 Thread 0x00000245e46bf800 Exception <a 'sun/nio/fs/WindowsException'{0x000000008f9941e8}> (0x000000008f9941e8) thrown at [./src/hotspot/share/prims/jni.cpp, line 615]
Event: 831.998 Thread 0x00000245e5ff6800 Exception <a 'java/lang/NoSuchMethodError'{0x000000008cce9568}: 'void java.lang.invoke.DirectMethodHandle$Holder.invokeStatic(java.lang.Object, long)'> (0x000000008cce9568) thrown at [./src/hotspot/share/interpreter/linkResolver.cpp, line 773]
Event: 832.000 Thread 0x00000245e5ff6800 Exception <a 'java/lang/NoSuchMethodError'{0x000000008ccf4bb0}: 'java.lang.Object java.lang.invoke.DirectMethodHandle$Holder.invokeStaticInit(java.lang.Object, java.lang.Object, long, java.lang.Object)'> (0x000000008ccf4bb0) thrown at [./src/hotspot/share/interpreter/linkResolver.cpp, line 773]
Event: 832.000 Thread 0x00000245e5ff6800 Exception <a 'java/lang/NoSuchMethodError'{0x000000008ccfb590}: 'java.lang.Object java.lang.invoke.DirectMethodHandle$Holder.invokeStatic(java.lang.Object, java.lang.Object, long)'> (0x000000008ccfb590) thrown at [./src/hotspot/share/interpreter/linkResolver.cpp, line 773]
Event: 832.001 Thread 0x00000245e5ff6800 Exception <a 'java/lang/NoSuchMethodError'{0x000000008cb02538}: 'java.lang.Object java.lang.invoke.Invokers$Holder.linkToTargetMethod(java.lang.Object, long, java.lang.Object)'> (0x000000008cb02538) thrown at [./src/hotspot/share/interpreter/linkResolver.cpp, line 773]
Event: 832.138 Thread 0x00000245e46bf800 Exception <a 'java/lang/NoSuchMethodError'{0x000000008c564b78}: <clinit>> (0x000000008c564b78) thrown at [./src/hotspot/share/prims/jni.cpp, line 1362]
Event: 832.198 Thread 0x00000245e5ffd800 Exception <a 'sun/nio/fs/WindowsException'{0x000000008f7a86c8}> (0x000000008f7a86c8) thrown at [./src/hotspot/share/prims/jni.cpp, line 615]
Event: 832.277 Thread 0x00000245e5ffd800 Exception <a 'sun/nio/fs/WindowsException'{0x000000008f374180}> (0x000000008f374180) thrown at [./src/hotspot/share/prims/jni.cpp, line 615]
Event: 832.543 Thread 0x00000245e5ff9800 Exception <a 'sun/nio/fs/WindowsException'{0x000000008f7b43d0}> (0x000000008f7b43d0) thrown at [./src/hotspot/share/prims/jni.cpp, line 615]
Event: 834.183 Thread 0x00000245e5ff9800 Exception <a 'sun/nio/fs/WindowsException'{0x000000008fd51030}> (0x000000008fd51030) thrown at [./src/hotspot/share/prims/jni.cpp, line 615]
Event: 834.295 Thread 0x00000245e0ac5800 Exception <a 'sun/nio/fs/WindowsException'{0x000000008f3ca560}> (0x000000008f3ca560) thrown at [./src/hotspot/share/prims/jni.cpp, line 615]

Events (20 events):
Event: 834.170 Executing VM operation: G1CollectForAllocation done
Event: 834.219 Thread 0x00000245e0ac5800 Thread added: 0x00000245e0ac5800
Event: 834.250 Executing VM operation: BulkRevokeBias
Event: 834.251 Executing VM operation: BulkRevokeBias done
Event: 834.251 Thread 0x00000245e0ac3000 Thread added: 0x00000245e0ac3000
Event: 834.336 Executing VM operation: CGC_Operation
Event: 834.346 Executing VM operation: CGC_Operation done
Event: 834.417 Executing VM operation: G1CollectForAllocation
Event: 834.429 Executing VM operation: G1CollectForAllocation done
Event: 834.441 Executing VM operation: CGC_Operation
Event: 834.441 Executing VM operation: CGC_Operation done
Event: 834.472 Executing VM operation: G1CollectForAllocation
Event: 834.497 Executing VM operation: G1CollectForAllocation done
Event: 834.582 Executing VM operation: G1CollectForAllocation
Event: 834.595 Executing VM operation: G1CollectForAllocation done
Event: 834.674 Executing VM operation: CGC_Operation
Event: 834.687 Executing VM operation: CGC_Operation done
Event: 834.699 Executing VM operation: G1CollectForAllocation
Event: 834.709 Executing VM operation: G1CollectForAllocation done
Event: 834.769 Executing VM operation: G1CollectForAllocation


Dynamic libraries:
0x00007ff6deaa0000 - 0x00007ff6deaaa000 	C:\Program Files\Android\Android Studio\jre\bin\java.exe
0x00007ffe1e890000 - 0x00007ffe1ea85000 	C:\WINDOWS\SYSTEM32\ntdll.dll
0x00007ffde7560000 - 0x00007ffde7575000 	C:\Program Files\Avast Software\Avast\aswhook.dll
0x00007ffe1e530000 - 0x00007ffe1e5ee000 	C:\WINDOWS\System32\KERNEL32.DLL
0x00007ffe1c610000 - 0x00007ffe1c8d9000 	C:\WINDOWS\System32\KERNELBASE.dll
0x00007ffe1c330000 - 0x00007ffe1c430000 	C:\WINDOWS\System32\ucrtbase.dll
0x00007ffe17ed0000 - 0x00007ffe17ee9000 	C:\Program Files\Android\Android Studio\jre\bin\jli.dll
0x00007ffe1e380000 - 0x00007ffe1e521000 	C:\WINDOWS\System32\USER32.dll
0x00007ffe1c300000 - 0x00007ffe1c322000 	C:\WINDOWS\System32\win32u.dll
0x00007ffe1c8e0000 - 0x00007ffe1c90b000 	C:\WINDOWS\System32\GDI32.dll
0x00007ffe1c060000 - 0x00007ffe1c16b000 	C:\WINDOWS\System32\gdi32full.dll
0x00007ffe1c4c0000 - 0x00007ffe1c55d000 	C:\WINDOWS\System32\msvcp_win.dll
0x00007ffe17eb0000 - 0x00007ffe17ec7000 	C:\Program Files\Android\Android Studio\jre\bin\VCRUNTIME140.dll
0x00007ffe02ca0000 - 0x00007ffe02f3a000 	C:\WINDOWS\WinSxS\amd64_microsoft.windows.common-controls_6595b64144ccf1df_6.0.19041.1110_none_60b5254171f9507e\COMCTL32.dll
0x00007ffe1d260000 - 0x00007ffe1d2fe000 	C:\WINDOWS\System32\msvcrt.dll
0x00007ffe1cee0000 - 0x00007ffe1cf10000 	C:\WINDOWS\System32\IMM32.DLL
0x00007ffde1b90000 - 0x00007ffde1c2d000 	C:\Program Files\Android\Android Studio\jre\bin\msvcp140.dll
0x00007ffdc2e50000 - 0x00007ffdc391f000 	C:\Program Files\Android\Android Studio\jre\bin\server\jvm.dll
0x00007ffe1d300000 - 0x00007ffe1d3ac000 	C:\WINDOWS\System32\ADVAPI32.dll
0x00007ffe1db00000 - 0x00007ffe1db9b000 	C:\WINDOWS\System32\sechost.dll
0x00007ffe1dd70000 - 0x00007ffe1de9a000 	C:\WINDOWS\System32\RPCRT4.dll
0x00007ffe1d1f0000 - 0x00007ffe1d1f8000 	C:\WINDOWS\System32\PSAPI.DLL
0x00007ffe11ce0000 - 0x00007ffe11ce9000 	C:\WINDOWS\SYSTEM32\WSOCK32.dll
0x00007ffe1d0d0000 - 0x00007ffe1d13b000 	C:\WINDOWS\System32\WS2_32.dll
0x00007ffe0d940000 - 0x00007ffe0d967000 	C:\WINDOWS\SYSTEM32\WINMM.dll
0x00007ffe13a80000 - 0x00007ffe13a8a000 	C:\WINDOWS\SYSTEM32\VERSION.dll
0x00007ffe19eb0000 - 0x00007ffe19ec2000 	C:\WINDOWS\SYSTEM32\kernel.appcore.dll
0x00007ffe165e0000 - 0x00007ffe165f1000 	C:\Program Files\Android\Android Studio\jre\bin\verify.dll
0x00007ffe12c50000 - 0x00007ffe12e34000 	C:\WINDOWS\SYSTEM32\DBGHELP.DLL
0x00007ffe12c20000 - 0x00007ffe12c4c000 	C:\WINDOWS\SYSTEM32\dbgcore.DLL
0x00007ffe1c430000 - 0x00007ffe1c4b3000 	C:\WINDOWS\System32\bcryptPrimitives.dll
0x00007ffe151c0000 - 0x00007ffe151e9000 	C:\Program Files\Android\Android Studio\jre\bin\java.dll
0x00007ffe164e0000 - 0x00007ffe164eb000 	C:\Program Files\Android\Android Studio\jre\bin\jimage.dll
0x00007ffe14e90000 - 0x00007ffe14ea8000 	C:\Program Files\Android\Android Studio\jre\bin\zip.dll
0x00007ffe1d3c0000 - 0x00007ffe1daff000 	C:\WINDOWS\System32\SHELL32.dll
0x00007ffe1a0b0000 - 0x00007ffe1a840000 	C:\WINDOWS\SYSTEM32\windows.storage.dll
0x00007ffe1c910000 - 0x00007ffe1cc65000 	C:\WINDOWS\System32\combase.dll
0x00007ffe1ba00000 - 0x00007ffe1ba2c000 	C:\WINDOWS\SYSTEM32\Wldp.dll
0x00007ffe1ce30000 - 0x00007ffe1cedd000 	C:\WINDOWS\System32\SHCORE.dll
0x00007ffe1cf90000 - 0x00007ffe1cfe5000 	C:\WINDOWS\System32\shlwapi.dll
0x00007ffe1bef0000 - 0x00007ffe1bf0f000 	C:\WINDOWS\SYSTEM32\profapi.dll
0x00007ffe0b830000 - 0x00007ffe0b84a000 	C:\Program Files\Android\Android Studio\jre\bin\net.dll
0x00007ffe15310000 - 0x00007ffe15418000 	C:\WINDOWS\SYSTEM32\WINHTTP.dll
0x00007ffe1b760000 - 0x00007ffe1b7ca000 	C:\WINDOWS\system32\mswsock.dll
0x00007ffe0b080000 - 0x00007ffe0b094000 	C:\Program Files\Android\Android Studio\jre\bin\nio.dll
0x00007ffe169a0000 - 0x00007ffe169c7000 	C:\Users\mx\.gradle\native\8bec1ad78214c89d9ad589b4d07fe93259594b29d510b10fafb7a158f7737e5d\windows-amd64\native-platform.dll
0x00007ffde20e0000 - 0x00007ffde221d000 	C:\Users\mx\.gradle\native\53dbd7edfb1c66fb8903c78663c9afc45aea4f116125fa6feffd364cf09443e8\windows-amd64\native-platform-file-events.dll
0x00007ffe15d50000 - 0x00007ffe15d5a000 	C:\Program Files\Android\Android Studio\jre\bin\management.dll
0x00007ffe156c0000 - 0x00007ffe156cc000 	C:\Program Files\Android\Android Studio\jre\bin\management_ext.dll
0x00007ffe1b950000 - 0x00007ffe1b968000 	C:\WINDOWS\SYSTEM32\CRYPTSP.dll
0x00007ffe1b070000 - 0x00007ffe1b0a4000 	C:\WINDOWS\system32\rsaenh.dll
0x00007ffe1c170000 - 0x00007ffe1c197000 	C:\WINDOWS\System32\bcrypt.dll
0x00007ffe1be70000 - 0x00007ffe1be9e000 	C:\WINDOWS\SYSTEM32\USERENV.dll
0x00007ffe1b970000 - 0x00007ffe1b97c000 	C:\WINDOWS\SYSTEM32\CRYPTBASE.dll
0x00007ffe1b400000 - 0x00007ffe1b43b000 	C:\WINDOWS\SYSTEM32\IPHLPAPI.DLL
0x00007ffe1d3b0000 - 0x00007ffe1d3b8000 	C:\WINDOWS\System32\NSI.dll
0x00007ffe13910000 - 0x00007ffe13927000 	C:\WINDOWS\SYSTEM32\dhcpcsvc6.DLL
0x00007ffe13a90000 - 0x00007ffe13aad000 	C:\WINDOWS\SYSTEM32\dhcpcsvc.DLL
0x00007ffe1b450000 - 0x00007ffe1b51c000 	C:\WINDOWS\SYSTEM32\DNSAPI.dll
0x00007ffe17ea0000 - 0x00007ffe17ea8000 	C:\Program Files\Android\Android Studio\jre\bin\rmi.dll
0x00007ffe0aa20000 - 0x00007ffe0aa47000 	C:\Program Files\Android\Android Studio\jre\bin\sunec.dll
0x00007ffe143d0000 - 0x00007ffe143da000 	C:\Windows\System32\rasadhlp.dll
0x00007ffe12190000 - 0x00007ffe1220f000 	C:\WINDOWS\System32\fwpuclnt.dll
0x00007ffe1aca0000 - 0x00007ffe1acd3000 	C:\WINDOWS\SYSTEM32\ntmarta.dll

dbghelp: loaded successfully - version: 4.0.5 - missing functions: none
symbol engine: initialized successfully - sym options: 0x614 - pdb path: .;C:\Program Files\Android\Android Studio\jre\bin;C:\WINDOWS\SYSTEM32;C:\Program Files\Avast Software\Avast;C:\WINDOWS\WinSxS\amd64_microsoft.windows.common-controls_6595b64144ccf1df_6.0.19041.1110_none_60b5254171f9507e;C:\Program Files\Android\Android Studio\jre\bin\server;C:\Users\mx\.gradle\native\8bec1ad78214c89d9ad589b4d07fe93259594b29d510b10fafb7a158f7737e5d\windows-amd64;C:\Users\mx\.gradle\native\53dbd7edfb1c66fb8903c78663c9afc45aea4f116125fa6feffd364cf09443e8\windows-amd64

VM Arguments:
jvm_args: --add-opens=java.base/java.util=ALL-UNNAMED --add-opens=java.base/java.lang=ALL-UNNAMED --add-opens=java.base/java.lang.invoke=ALL-UNNAMED --add-opens=java.base/java.util=ALL-UNNAMED --add-opens=java.prefs/java.util.prefs=ALL-UNNAMED --add-opens=java.prefs/java.util.prefs=ALL-UNNAMED --add-opens=java.base/java.nio.charset=ALL-UNNAMED --add-opens=java.base/java.net=ALL-UNNAMED --add-opens=java.base/java.util.concurrent.atomic=ALL-UNNAMED -Xmx2048m -Dfile.encoding=UTF-8 -Duser.country=US -Duser.language=en -Duser.variant 
java_command: org.gradle.launcher.daemon.bootstrap.GradleDaemon 7.0.2
java_class_path (initial): C:\Users\mx\.gradle\wrapper\dists\gradle-7.0.2-bin\857tjihv64xamwrf0h14cai3r\gradle-7.0.2\lib\gradle-launcher-7.0.2.jar
Launcher Type: SUN_STANDARD

[Global flags]
     intx CICompilerCount                          = 4                                         {product} {ergonomic}
     uint ConcGCThreads                            = 2                                         {product} {ergonomic}
     uint G1ConcRefinementThreads                  = 8                                         {product} {ergonomic}
   size_t G1HeapRegionSize                         = 1048576                                   {product} {ergonomic}
    uintx GCDrainStackTargetSize                   = 64                                        {product} {ergonomic}
   size_t InitialHeapSize                          = 266338304                                 {product} {ergonomic}
   size_t MarkStackSize                            = 4194304                                   {product} {ergonomic}
   size_t MaxHeapSize                              = 2147483648                                {product} {command line}
   size_t MaxNewSize                               = 1287651328                                {product} {ergonomic}
   size_t MinHeapDeltaBytes                        = 1048576                                   {product} {ergonomic}
    uintx NonNMethodCodeHeapSize                   = 5836300                                {pd product} {ergonomic}
    uintx NonProfiledCodeHeapSize                  = 122910970                              {pd product} {ergonomic}
    uintx ProfiledCodeHeapSize                     = 122910970                              {pd product} {ergonomic}
    uintx ReservedCodeCacheSize                    = 251658240                              {pd product} {ergonomic}
     bool SegmentedCodeCache                       = true                                      {product} {ergonomic}
     bool UseCompressedClassPointers               = true                                 {lp64_product} {ergonomic}
     bool UseCompressedOops                        = true                                 {lp64_product} {ergonomic}
     bool UseG1GC                                  = true                                      {product} {ergonomic}
     bool UseLargePagesIndividualAllocation        = false                                  {pd product} {ergonomic}

Logging:
Log output configuration:
 #0: stdout all=warning uptime,level,tags
 #1: stderr all=off uptime,level,tags

Environment Variables:
PATH=C:\Program Files (x86)\Common Files\Oracle\Java\javapath;C:\Windows\system32;C:\Windows;C:\Windows\System32\Wbem;C:\Windows\System32\WindowsPowerShell\v1.0\;C:\Windows\System32\OpenSSH\;C:\Program Files (x86)\NVIDIA Corporation\PhysX\Common;C:\Program Files\Intel\WiFi\bin\;C:\Program Files\Common Files\Intel\WirelessCommon\;C:\WINDOWS\system32;C:\WINDOWS;C:\WINDOWS\System32\Wbem;C:\WINDOWS\System32\WindowsPowerShell\v1.0\;C:\WINDOWS\System32\OpenSSH\;C:\flutter\bin;C:\Program Files\Git\cmd;C:\ProgramData\ComposerSetup\bin;C:\Users\mx\PycharmProjects\tradder\venv\Scripts;C:\Program Files (x86)\Common Files\Oracle\Java\javapath;C:\Windows\system32;C:\Windows;C:\Windows\System32\Wbem;C:\Windows\System32\WindowsPowerShell\v1.0\;C:\Windows\System32\OpenSSH\;C:\Program Files (x86)\NVIDIA Corporation\PhysX\Common;C:\Program Files\NVIDIA Corporation\NVIDIA NvDLISR;C:\Program Files\Intel\WiFi\bin\;C:\Program Files\Common Files\Intel\WirelessCommon\;C:\WINDOWS\system32;C:\WINDOWS;C:\WINDOWS\System32\Wbem;C:\WINDOWS\System32\WindowsPowerShell\v1.0\;C:\WINDOWS\System32\OpenSSH\;C:\Users\mx\AppData\Local\Microsoft\WindowsApps;C:\Program Files\JetBrains\PyCharm 2019.1.3\bin;C:\Python\Python38\Scripts;C:\flutter\bin;C:\Users\mx\AppData\Local\Microsoft\WindowsApps;C:\xampp\php;C:\Users\mx\AppData\Local\GitHubDesktop\bin;C:\Users\mx\AppData\Roaming\Composer\vendor\bin;C:\Users\mx\AppData\Local\Programs\Microsoft VS Code\bin;C:\Program Files\TestProject Agent
USERNAME=mx
OS=Windows_NT
PROCESSOR_IDENTIFIER=Intel64 Family 6 Model 158 Stepping 10, GenuineIntel



---------------  S Y S T E M  ---------------

OS: Windows 10 , 64 bit Build 19041 (10.0.19041.1202)
OS uptime: 4 days 3:27 hours

CPU:total 8 (initial active 8) (4 cores per cpu, 2 threads per core) family 6 model 158 stepping 10 microcode 0xb4, cmov, cx8, fxsr, mmx, sse, sse2, sse3, ssse3, sse4.1, sse4.2, popcnt, avx, avx2, aes, clmul, erms, 3dnowpref, lzcnt, ht, tsc, tscinvbit, bmi1, bmi2, adx, fma

Memory: 4k page, system-wide physical 16231M (1842M free)
TotalPageFile size 23231M (AvailPageFile size 190M)
current process WorkingSet (physical memory assigned to process): 699M, peak: 709M
current process commit charge ("private bytes"): 736M, peak: 914M

vm_info: OpenJDK 64-Bit Server VM (11.0.10+0-b96-7249189) for windows-amd64 JRE (11.0.10+0-b96-7249189), built on Mar 31 2021 21:44:00 by "builder" with MS VC++ 14.0 (VS2015)

END.
