JvmtiExport can_access_local_variables 0
JvmtiExport can_hotswap_or_post_breakpoint 0
JvmtiExport can_post_on_exceptions 0
# 663 ciObject found
instanceKlass org/jetbrains/kotlin/backend/jvm/serialization/JvmIdSignatureDescriptor$JvmDescriptorBasedSignatureBuilder$keepTrackOfOverridesForPossiblyClashingFakeOverride$$inlined$sortedBy$1
instanceKlass org/jetbrains/kotlin/ir/expressions/impl/IrBlockImplKt
instanceKlass org/jetbrains/kotlin/psi2ir/intermediate/OnceExpressionValue
instanceKlass org/jetbrains/kotlin/psi2ir/intermediate/ArrayAccessAssignmentReceiver$Companion
instanceKlass org/jetbrains/kotlin/psi2ir/intermediate/ArrayAccessAssignmentReceiver
instanceKlass org/jetbrains/kotlin/psi2ir/intermediate/AssignmentReceiver$DefaultImpls
instanceKlass org/jetbrains/kotlin/psi2ir/intermediate/CallBuilderKt$setExplicitReceiverValue$1
instanceKlass org/jetbrains/kotlin/psi2ir/intermediate/TransientReceiverValue
instanceKlass org/jetbrains/kotlin/ir/symbols/IrTypeAliasSymbol
instanceKlass org/jetbrains/kotlin/ir/types/impl/IrTypeAbbreviationImpl
instanceKlass org/jetbrains/kotlin/ir/types/IrTypeAbbreviation
instanceKlass org/jetbrains/kotlin/ir/types/impl/IrStarProjectionImpl
instanceKlass org/jetbrains/kotlin/ir/types/IrStarProjection
instanceKlass org/jetbrains/kotlin/psi2ir/intermediate/VariableLValue
instanceKlass org/jetbrains/kotlin/psi2ir/generators/CallGeneratorKt
instanceKlass org/jetbrains/kotlin/psi2ir/intermediate/SafeCallReceiver
instanceKlass org/jetbrains/kotlin/ir/descriptors/IrBasedDescriptorsKt
instanceKlass org/jetbrains/kotlin/ir/builders/PrimitivesKt
instanceKlass org/jetbrains/kotlin/psi2ir/generators/DataClassMembersGenerator$MyDataClassMethodGenerator$irDataClassMembersGenerator$1$Psi2IrHashCodeFunctionInfo
instanceKlass org/jetbrains/kotlin/ir/util/DataClassMembersGenerator$HashCodeFunctionInfo
instanceKlass org/jetbrains/kotlin/ir/types/IrTypeUtilsKt
instanceKlass org/jetbrains/kotlin/ir/declarations/IrFunctionKt
instanceKlass org/jetbrains/kotlin/ir/builders/ExpressionHelpersKt
instanceKlass org/jetbrains/kotlin/ir/builders/IrBuilder
instanceKlass org/jetbrains/kotlin/ir/util/DataClassMembersGenerator
instanceKlass org/jetbrains/kotlin/backend/common/FunctionsFromAnyGenerator
instanceKlass org/jetbrains/kotlin/psi2ir/transformations/InsertImplicitCasts$WhenMappings
instanceKlass org/jetbrains/kotlin/psi2ir/generators/OperatorExpressionGenerator$WhenMappings
instanceKlass org/jetbrains/kotlin/ir/symbols/IrEnumEntrySymbol
instanceKlass org/jetbrains/kotlin/ir/expressions/IrConstKind
instanceKlass org/jetbrains/kotlin/ir/expressions/impl/IrConstImpl$Companion
instanceKlass org/jetbrains/kotlin/psi2ir/generators/AnnotationGenerator
instanceKlass org/jetbrains/kotlin/psi2ir/transformations/InsertImplicitCasts$postprocessReturnExpressions$1
instanceKlass org/jetbrains/kotlin/ir/util/TransformKt
instanceKlass org/jetbrains/kotlin/ir/IrElement$DefaultImpls
instanceKlass org/jetbrains/kotlin/ir/visitors/IrElementTransformerVoidKt
instanceKlass org/jetbrains/kotlin/ir/visitors/IrElementTransformerVoid
instanceKlass org/jetbrains/kotlin/ir/visitors/IrElementTransformer
instanceKlass org/jetbrains/kotlin/psi2ir/transformations/InsertImplicitCastsKt
instanceKlass org/jetbrains/kotlin/psi2ir/generators/StandaloneDeclarationGenerator
instanceKlass org/jetbrains/kotlin/psi2ir/generators/SyntheticDeclarationsGenerator$Companion
instanceKlass org/jetbrains/kotlin/psi2ir/generators/SyntheticDeclarationsGenerator
instanceKlass org/jetbrains/kotlin/psi2ir/generators/IrSyntheticDeclarationGenerator
instanceKlass org/jetbrains/kotlin/ir/visitors/IrElementVisitorVoid$DefaultImpls
instanceKlass org/jetbrains/kotlin/ir/visitors/IrElementVisitorVoidKt
instanceKlass org/jetbrains/kotlin/ir/util/PatchDeclarationParentsVisitor
instanceKlass org/jetbrains/kotlin/ir/util/PatchDeclarationParentsKt
instanceKlass org/jetbrains/kotlin/ir/types/impl/IrTypeProjectionImpl
instanceKlass org/jetbrains/kotlin/psi2ir/generators/ClassGenerator$Companion$$Lambda$415
instanceKlass org/jetbrains/kotlin/renderer/DescriptorRendererOptions$DefaultImpls
instanceKlass org/jetbrains/kotlin/ir/symbols/IrVariableSymbol
instanceKlass org/jetbrains/kotlin/psi2ir/intermediate/PropertyLValueBase
instanceKlass org/jetbrains/kotlin/psi2ir/intermediate/AssignmentReceiver
instanceKlass org/jetbrains/kotlin/ir/expressions/impl/IrCallImpl$Companion
instanceKlass org/jetbrains/kotlin/psi2ir/intermediate/IrUtilsKt$adjustForCallee$1
instanceKlass org/jetbrains/kotlin/psi2ir/intermediate/IrUtilsKt
instanceKlass org/jetbrains/kotlin/ir/expressions/impl/IrConstructorCallImpl$Companion
instanceKlass org/jetbrains/kotlin/psi2ir/intermediate/ExpressionValue
instanceKlass org/jetbrains/kotlin/psi2ir/intermediate/LValue
instanceKlass org/jetbrains/kotlin/psi2ir/intermediate/IntermediateValue
instanceKlass org/jetbrains/kotlin/ir/expressions/IrStatementOriginImpl
instanceKlass org/jetbrains/kotlin/ir/expressions/IrStatementOrigin
instanceKlass org/jetbrains/kotlin/psi2ir/generators/OperatorConventionsKt
instanceKlass kotlin/ULongArray
instanceKlass org/jetbrains/kotlin/psi2ir/generators/PropertyGeneratorKt
instanceKlass org/jetbrains/kotlin/codegen/VariableAsmNameManglingUtils
instanceKlass org/jetbrains/kotlin/ir/util/OverridesKt
instanceKlass org/jetbrains/kotlin/ir/symbols/IrFieldSymbol
instanceKlass org/jetbrains/kotlin/resolve/ResolveUtilKt
instanceKlass org/jetbrains/kotlin/ir/declarations/MetadataSource$Property
instanceKlass org/jetbrains/kotlin/ir/symbols/IrPropertySymbol
instanceKlass org/jetbrains/kotlin/ir/declarations/IrClassKt
instanceKlass org/jetbrains/kotlin/ir/expressions/IrMemberAccessExpressionKt
instanceKlass org/jetbrains/kotlin/ir/expressions/impl/IrDelegatingConstructorCallImpl$Companion
instanceKlass org/jetbrains/kotlin/psi2ir/generators/StatementGeneratorExtension
instanceKlass org/jetbrains/kotlin/psi2ir/intermediate/CallBuilderKt
instanceKlass org/jetbrains/kotlin/psi2ir/generators/GeneratorExtensions$SamConversion
instanceKlass org/jetbrains/kotlin/psi2ir/intermediate/SimpleCallReceiver
instanceKlass org/jetbrains/kotlin/psi2ir/intermediate/CallReceiver
instanceKlass org/jetbrains/kotlin/ir/expressions/IrVarargElement
instanceKlass org/jetbrains/kotlin/psi2ir/intermediate/CallBuilder
instanceKlass org/jetbrains/kotlin/descriptors/synthetic/FunctionInterfaceAdapterExtensionFunctionDescriptor
instanceKlass org/jetbrains/kotlin/psi2ir/generators/SamConversionsKt
instanceKlass org/jetbrains/kotlin/psi2ir/generators/ArgumentsGenerationUtilsKt
instanceKlass org/jetbrains/kotlin/psi2ir/generators/GeneratorKt
instanceKlass org/jetbrains/kotlin/psi2ir/generators/BodyGenerator$WhenMappings
instanceKlass org/jetbrains/kotlin/ir/expressions/IrStatementContainer
instanceKlass org/jetbrains/kotlin/ir/builders/Scope
instanceKlass org/jetbrains/kotlin/psi2ir/generators/BodyGenerator
instanceKlass org/jetbrains/kotlin/psi2ir/generators/GeneratorWithScope
instanceKlass org/jetbrains/kotlin/ir/builders/IrGeneratorWithScope
instanceKlass org/jetbrains/kotlin/psi2ir/generators/DeclarationGeneratorKt
instanceKlass org/jetbrains/kotlin/ir/declarations/MetadataSource$Function
instanceKlass org/jetbrains/kotlin/ir/util/ScopedTypeParametersResolver
instanceKlass org/jetbrains/kotlin/ir/util/TypeParametersResolver
instanceKlass org/jetbrains/kotlin/ir/util/OriginalDescriptorsKt
instanceKlass org/jetbrains/kotlin/ir/descriptors/IrBasedDeclarationDescriptor
instanceKlass org/jetbrains/kotlin/psi2ir/KotlinUtilsKt
instanceKlass org/jetbrains/kotlin/ir/util/SymbolTable$ScopedSymbolTable$Scope
instanceKlass org/jetbrains/kotlin/ir/declarations/MetadataSource$Class
instanceKlass org/jetbrains/kotlin/ir/util/DescriptorToIrUtilKt
instanceKlass org/jetbrains/kotlin/ir/util/NameProvider$DEFAULT
instanceKlass org/jetbrains/kotlin/ir/builders/IrGeneratorContext$DefaultImpls
instanceKlass org/jetbrains/kotlin/psi2ir/generators/DeclarationStartOffsetKt
instanceKlass org/jetbrains/kotlin/psi2ir/generators/ClassGenerator$Companion
instanceKlass org/jetbrains/kotlin/psi2ir/generators/DeclarationGeneratorExtension
instanceKlass org/jetbrains/kotlin/backend/common/CodegenUtil$$Lambda$414
instanceKlass org/jetbrains/kotlin/backend/common/CodegenUtil
instanceKlass org/jetbrains/kotlin/ir/declarations/DescriptorMetadataSource
instanceKlass org/jetbrains/kotlin/ir/declarations/MetadataSource$File
instanceKlass org/jetbrains/kotlin/ir/declarations/MetadataSource
instanceKlass org/jetbrains/kotlin/ir/symbols/IrFileSymbol
instanceKlass org/jetbrains/kotlin/resolve/lazy/descriptors/PackageDescriptorUtilKt
instanceKlass org/jetbrains/kotlin/ir/PsiIrFileEntry
instanceKlass org/jetbrains/kotlin/ir/IrFileEntry
instanceKlass org/jetbrains/kotlin/psi2ir/generators/DeclarationGenerator
instanceKlass org/jetbrains/kotlin/psi2ir/generators/ModuleGenerator
instanceKlass org/jetbrains/kotlin/psi2ir/generators/Generator
instanceKlass org/jetbrains/kotlin/ir/builders/IrGenerator
instanceKlass org/jetbrains/kotlin/backend/common/serialization/DeclarationTableKt
instanceKlass org/jetbrains/kotlin/backend/common/serialization/DescriptorByIdSignatureFinder
instanceKlass org/jetbrains/kotlin/backend/common/serialization/IrModuleDeserializer
instanceKlass org/jetbrains/kotlin/analyzer/ModuleInfoUtilsKt
instanceKlass org/jetbrains/kotlin/descriptors/konan/KlibModuleOrigin$Companion
instanceKlass org/jetbrains/kotlin/descriptors/konan/KlibModuleOrigin
instanceKlass org/jetbrains/kotlin/psi/synthetics/SyntheticClassOrObjectDescriptorKt
instanceKlass org/jetbrains/kotlin/psi2ir/preprocessing/SourceDeclarationsPreprocessor
instanceKlass org/jetbrains/kotlin/backend/common/serialization/signature/IdSignatureSerializer
instanceKlass org/jetbrains/kotlin/ir/visitors/IrElementVisitorVoid
instanceKlass org/jetbrains/kotlin/backend/common/serialization/signature/PublicIdSignatureComputer
instanceKlass org/jetbrains/kotlin/backend/common/serialization/signature/IdSignatureComputer
instanceKlass org/jetbrains/kotlin/backend/common/serialization/IdSignatureClashTracker$Companion$DEFAULT_TRACKER$1
instanceKlass org/jetbrains/kotlin/backend/common/serialization/IdSignatureClashTracker$Companion
instanceKlass org/jetbrains/kotlin/backend/common/serialization/IdSignatureClashTracker
instanceKlass org/jetbrains/kotlin/backend/common/serialization/GlobalDeclarationTable
instanceKlass org/jetbrains/kotlin/backend/common/serialization/DeclarationTable
instanceKlass org/jetbrains/kotlin/ir/overrides/IrOverridingUtil
instanceKlass org/jetbrains/kotlin/backend/common/overrides/DefaultFakeOverrideClassFilter
instanceKlass org/jetbrains/kotlin/backend/common/overrides/FakeOverrideClassFilter
instanceKlass org/jetbrains/kotlin/backend/common/serialization/mangle/ir/IrExportCheckerVisitor
instanceKlass org/jetbrains/kotlin/ir/visitors/IrElementVisitor
instanceKlass org/jetbrains/kotlin/ir/backend/jvm/serialization/AbstractJvmManglerIr$Companion
instanceKlass org/jetbrains/kotlin/ir/util/KotlinMangler$IrMangler
instanceKlass org/jetbrains/kotlin/ir/overrides/FakeOverrideBuilderStrategy
instanceKlass org/jetbrains/kotlin/backend/common/serialization/KotlinIrLinker
instanceKlass org/jetbrains/kotlin/ir/linkage/IrDeserializer
instanceKlass org/jetbrains/kotlin/backend/common/overrides/FileLocalAwareLinker
instanceKlass org/jetbrains/kotlin/backend/jvm/JvmIrCodegenFactory$convertToIr$frontEndContext$1
instanceKlass org/jetbrains/kotlin/ir/builders/TranslationPluginContext
instanceKlass org/jetbrains/kotlin/ir/util/DeclarationStubGenerator
instanceKlass org/jetbrains/kotlin/ir/linkage/IrProvider
instanceKlass org/jetbrains/kotlin/ir/descriptors/IrFunctionFactory$Companion
instanceKlass org/jetbrains/kotlin/ir/descriptors/IrAbstractFunctionFactory$Companion
instanceKlass org/jetbrains/kotlin/ir/descriptors/IrAbstractFunctionFactory
instanceKlass org/jetbrains/kotlin/backend/common/SamTypeApproximator
instanceKlass org/jetbrains/kotlin/ir/symbols/IrTypeParameterSymbol
instanceKlass org/jetbrains/kotlin/ir/declarations/IrOverridableDeclaration
instanceKlass org/jetbrains/kotlin/ir/declarations/IrOverridableMember
instanceKlass org/jetbrains/kotlin/ir/symbols/IrSimpleFunctionSymbol
instanceKlass kotlin/ULong$Companion
instanceKlass kotlin/ULong
instanceKlass kotlin/UInt$Companion
instanceKlass kotlin/UInt
instanceKlass org/jetbrains/kotlin/backend/common/serialization/CityHashKt
instanceKlass org/jetbrains/kotlin/backend/common/serialization/mangle/MangleConstant$Companion
instanceKlass org/jetbrains/kotlin/backend/common/serialization/mangle/descriptor/DescriptorMangleComputer
instanceKlass org/jetbrains/kotlin/backend/common/serialization/mangle/KotlinMangleComputer
instanceKlass org/jetbrains/kotlin/ir/util/KotlinMangler$DefaultImpls
instanceKlass org/jetbrains/kotlin/ir/descriptors/IrBuiltinValueParameterDescriptor
instanceKlass org/jetbrains/kotlin/ir/descriptors/IrBuiltinOperatorDescriptor
instanceKlass org/jetbrains/kotlin/ir/symbols/FqNameEqualityChecker
instanceKlass org/jetbrains/kotlin/ir/symbols/IrClassifierEqualityChecker
instanceKlass org/jetbrains/kotlin/ir/types/impl/IrTypeBaseKt
instanceKlass org/jetbrains/kotlin/ir/types/impl/IrSimpleTypeImplKt
instanceKlass org/jetbrains/kotlin/ir/util/StubGeneratorExtensions$EnhancedNullability
instanceKlass org/jetbrains/kotlin/ir/symbols/impl/IrPublicSymbolBase
instanceKlass org/jetbrains/kotlin/backend/common/serialization/mangle/MangleUtilsKt
instanceKlass org/jetbrains/kotlin/ir/types/impl/IrSimpleTypeBuilder
instanceKlass org/jetbrains/kotlin/ir/util/IdSignature
instanceKlass org/jetbrains/kotlin/backend/common/serialization/signature/IdSignatureBuilder
instanceKlass org/jetbrains/kotlin/ir/descriptors/IrBuiltinsPackageFragmentDescriptorImpl
instanceKlass org/jetbrains/kotlin/psi2ir/generators/GeneratorContext
instanceKlass org/jetbrains/kotlin/ir/builders/IrGeneratorContext
instanceKlass org/jetbrains/kotlin/ir/builders/IrGeneratorContextInterface
instanceKlass org/jetbrains/kotlin/ir/util/ConstantValueGenerator
instanceKlass org/jetbrains/kotlin/ir/util/TypeTranslator
instanceKlass org/jetbrains/kotlin/psi2ir/Psi2IrConfiguration
instanceKlass org/jetbrains/kotlin/psi2ir/Psi2IrTranslator
instanceKlass org/jetbrains/kotlin/ir/util/SymbolTable$SymbolTableBase
instanceKlass org/jetbrains/kotlin/ir/declarations/lazy/IrLazySymbolTable
instanceKlass org/jetbrains/kotlin/ir/IrLock
instanceKlass org/jetbrains/kotlin/backend/jvm/JvmNameProvider
instanceKlass org/jetbrains/kotlin/ir/util/NameProvider
instanceKlass org/jetbrains/kotlin/backend/common/serialization/signature/IdSignatureDescriptor
instanceKlass org/jetbrains/kotlin/ir/util/IdSignatureComposer
instanceKlass org/jetbrains/kotlin/ir/util/SymbolTable
instanceKlass org/jetbrains/kotlin/ir/util/ReferenceSymbolTable
instanceKlass org/jetbrains/kotlin/backend/common/serialization/mangle/descriptor/DescriptorExportCheckerVisitor
instanceKlass org/jetbrains/kotlin/backend/common/serialization/mangle/KotlinExportChecker
instanceKlass org/jetbrains/kotlin/ir/backend/jvm/serialization/AbstractJvmDescriptorMangler$Companion
instanceKlass org/jetbrains/kotlin/backend/common/serialization/mangle/AbstractKotlinMangler
instanceKlass org/jetbrains/kotlin/ir/util/KotlinMangler$DescriptorMangler
instanceKlass org/jetbrains/kotlin/ir/util/KotlinMangler
instanceKlass org/jetbrains/kotlin/codegen/KotlinCodegenFacade
instanceKlass org/jetbrains/kotlin/codegen/PackagePartRegistry
instanceKlass org/jetbrains/kotlin/codegen/PackageCodegen
instanceKlass org/jetbrains/kotlin/codegen/MultifileClassCodegen
instanceKlass org/jetbrains/kotlin/metadata/serialization/StringTable
instanceKlass org/jetbrains/kotlin/backend/common/output/OutputFile
instanceKlass org/jetbrains/kotlin/codegen/ClassFileFactory
instanceKlass org/jetbrains/kotlin/backend/common/output/OutputFileCollection
instanceKlass org/jetbrains/kotlin/codegen/DelegatingClassBuilder
instanceKlass org/jetbrains/kotlin/codegen/DelegatingClassBuilderFactory
instanceKlass org/jetbrains/kotlin/codegen/serialization/JvmSerializationBindings
instanceKlass org/jetbrains/kotlin/codegen/context/CodegenContext$$Lambda$413
instanceKlass org/jetbrains/kotlin/codegen/StackValue
instanceKlass org/jetbrains/kotlin/codegen/context/RootContext$FakeDescriptor
instanceKlass org/jetbrains/kotlin/codegen/context/LocalLookup
instanceKlass org/jetbrains/kotlin/codegen/context/CodegenContext
instanceKlass org/jetbrains/kotlin/codegen/state/GenerationState$ForScript
instanceKlass org/jetbrains/kotlin/codegen/JvmRuntimeTypes
instanceKlass org/jetbrains/kotlin/codegen/when/MappingClassesForWhenByEnumCodegen
instanceKlass org/jetbrains/kotlin/codegen/when/MappingsClassesForWhenByEnum
instanceKlass org/jetbrains/kotlin/utils/ThreadLocalDelegate
instanceKlass org/jetbrains/kotlin/utils/ThreadLocalKt
instanceKlass org/jetbrains/kotlin/codegen/inline/GlobalInlineContext
instanceKlass org/jetbrains/kotlin/codegen/SamWrapperClasses
instanceKlass org/jetbrains/kotlin/codegen/intrinsics/HashCode$Companion
instanceKlass org/jetbrains/kotlin/codegen/intrinsics/MonitorInstruction$Companion
instanceKlass org/jetbrains/kotlin/codegen/intrinsics/IntrinsicsMap$Key
instanceKlass org/jetbrains/kotlin/codegen/intrinsics/IntrinsicsMap
instanceKlass org/jetbrains/kotlin/codegen/intrinsics/IteratorNext$Companion
instanceKlass org/jetbrains/kotlin/codegen/intrinsics/IntrinsicMethod
instanceKlass org/jetbrains/kotlin/codegen/intrinsics/IntrinsicMethods
instanceKlass org/jetbrains/kotlin/config/JvmClosureGenerationScheme$Companion
instanceKlass org/jetbrains/kotlin/config/JvmStringConcat$Companion
instanceKlass org/jetbrains/kotlin/codegen/state/LazyJvmDiagnostics
instanceKlass org/jetbrains/kotlin/codegen/inline/InlineCache
instanceKlass org/jetbrains/kotlin/codegen/state/GenerationState$Companion
instanceKlass org/jetbrains/kotlin/codegen/state/GenerationState
instanceKlass org/jetbrains/kotlin/ir/declarations/IrReturnTarget
instanceKlass org/jetbrains/kotlin/ir/declarations/IrMemberWithContainerSource
instanceKlass org/jetbrains/kotlin/ir/symbols/IrConstructorSymbol
instanceKlass org/jetbrains/kotlin/ir/symbols/IrFunctionSymbol
instanceKlass org/jetbrains/kotlin/ir/symbols/IrReturnTargetSymbol
instanceKlass org/jetbrains/kotlin/ir/util/IrUtilsKt
instanceKlass org/jetbrains/kotlin/ir/types/impl/IrUninitializedType
instanceKlass org/jetbrains/kotlin/ir/symbols/IrValueParameterSymbol
instanceKlass org/jetbrains/kotlin/ir/symbols/IrValueSymbol
instanceKlass org/jetbrains/kotlin/ir/types/impl/IrTypeBase
instanceKlass org/jetbrains/kotlin/ir/types/IrTypeProjection
instanceKlass org/jetbrains/kotlin/ir/types/IrTypeArgument
instanceKlass org/jetbrains/kotlin/ir/types/IrSimpleType
instanceKlass org/jetbrains/kotlin/ir/types/IrType
instanceKlass org/jetbrains/kotlin/ir/types/IrTypesKt
instanceKlass org/jetbrains/kotlin/backend/common/ir/IrUtilsKt
instanceKlass org/jetbrains/kotlin/ir/declarations/IrTypeParametersContainer
instanceKlass org/jetbrains/kotlin/ir/declarations/IrPossiblyExternalDeclaration
instanceKlass org/jetbrains/kotlin/ir/declarations/IrDeclarationWithName
instanceKlass org/jetbrains/kotlin/ir/declarations/IrMetadataSourceOwner
instanceKlass org/jetbrains/kotlin/ir/declarations/IrDeclarationWithVisibility
instanceKlass org/jetbrains/kotlin/ir/declarations/IrDeclaration
instanceKlass org/jetbrains/kotlin/ir/declarations/IrMutableAnnotationContainer
instanceKlass org/jetbrains/kotlin/ir/declarations/IrAnnotationContainer
instanceKlass org/jetbrains/kotlin/ir/IrStatement
instanceKlass org/jetbrains/kotlin/ir/declarations/IrAttributeContainer
instanceKlass org/jetbrains/kotlin/ir/declarations/IrFactory$DefaultImpls
instanceKlass org/jetbrains/kotlin/ir/symbols/impl/IrSymbolBase
instanceKlass org/jetbrains/kotlin/ir/symbols/IrClassSymbol
instanceKlass org/jetbrains/kotlin/ir/symbols/IrClassifierSymbol
instanceKlass org/jetbrains/kotlin/ir/builders/declarations/DeclarationBuildersKt
instanceKlass org/jetbrains/kotlin/ir/builders/IrElementBuilder
instanceKlass org/jetbrains/kotlin/ir/declarations/StageController
instanceKlass org/jetbrains/kotlin/ir/declarations/impl/IrFactoryImpl
instanceKlass org/jetbrains/kotlin/ir/declarations/IrFactory
instanceKlass org/jetbrains/kotlin/backend/jvm/JvmSymbols$Companion
instanceKlass org/jetbrains/kotlin/backend/common/ir/Symbols$Companion
instanceKlass org/jetbrains/kotlin/backend/common/ir/BuiltinSymbolsBase
instanceKlass org/jetbrains/kotlin/ir/declarations/IrDeclarationOriginImpl
instanceKlass org/jetbrains/kotlin/ir/declarations/IrDeclarationOrigin
instanceKlass org/jetbrains/kotlin/ir/descriptors/IrBuiltIns$Companion
instanceKlass org/jetbrains/kotlin/ir/descriptors/IrBuiltIns
instanceKlass org/jetbrains/kotlin/ir/symbols/impl/DescriptorlessExternalPackageFragmentSymbol
instanceKlass org/jetbrains/kotlin/ir/symbols/IrExternalPackageFragmentSymbol
instanceKlass org/jetbrains/kotlin/ir/symbols/IrPackageFragmentSymbol
instanceKlass org/jetbrains/kotlin/ir/symbols/IrBindableSymbol
instanceKlass org/jetbrains/kotlin/ir/symbols/IrSymbol
instanceKlass org/jetbrains/kotlin/ir/declarations/impl/IrExternalPackageFragmentImpl$Companion
instanceKlass org/jetbrains/kotlin/ir/IrElementBase
instanceKlass org/jetbrains/kotlin/ir/declarations/IrSymbolOwner
instanceKlass org/jetbrains/kotlin/ir/declarations/IrDeclarationContainer
instanceKlass org/jetbrains/kotlin/ir/declarations/IrDeclarationParent
instanceKlass org/jetbrains/kotlin/ir/IrElement
instanceKlass org/jetbrains/kotlin/ir/util/StubGeneratorExtensions$Companion
instanceKlass org/jetbrains/kotlin/ir/util/StubGeneratorExtensions
instanceKlass org/jetbrains/kotlin/backend/jvm/JvmGeneratorExtensions
instanceKlass org/jetbrains/kotlin/backend/jvm/JvmIrCodegenFactory
instanceKlass org/jetbrains/kotlin/codegen/JvmBackendClassResolverForModuleWithDependencies
instanceKlass org/jetbrains/kotlin/codegen/JvmBackendClassResolver
instanceKlass org/jetbrains/kotlin/codegen/state/GenerationStateKt$GenerationStateEventCallback$1
instanceKlass org/jetbrains/kotlin/codegen/state/GenerationStateKt
instanceKlass org/jetbrains/kotlin/codegen/state/GenerationStateEventCallback$Companion
instanceKlass org/jetbrains/kotlin/codegen/state/GenerationStateEventCallback
instanceKlass org/jetbrains/kotlin/codegen/DefaultCodegenFactory
instanceKlass org/jetbrains/kotlin/codegen/CodegenFactory
instanceKlass org/jetbrains/kotlin/codegen/state/GenerationState$GenerateClassFilter$Companion
instanceKlass org/jetbrains/kotlin/codegen/state/GenerationState$GenerateClassFilter
instanceKlass org/jetbrains/kotlin/codegen/ClassBuilderFactories$2
instanceKlass org/jetbrains/kotlin/codegen/ClassBuilder
instanceKlass org/jetbrains/kotlin/codegen/ClassBuilderFactories$TestClassBuilderFactory
instanceKlass org/jetbrains/kotlin/codegen/ClassBuilderFactories$1
instanceKlass org/jetbrains/kotlin/codegen/ClassBuilderFactory
instanceKlass org/jetbrains/kotlin/codegen/ClassBuilderFactories
instanceKlass org/jetbrains/kotlin/codegen/state/GenerationState$Builder
instanceKlass org/jetbrains/kotlin/cli/common/UtilsKt
instanceKlass org/jetbrains/kotlin/cli/common/CodeAnalysisMeasurement
instanceKlass org/jetbrains/kotlin/cli/common/PerformanceMeasurement
instanceKlass org/jetbrains/kotlin/com/google/common/base/ExtraObjectsMethodsForWeb
instanceKlass org/jetbrains/kotlin/renderer/DescriptorRendererImpl$RenderDeclarationDescriptorVisitor$WhenMappings
instanceKlass org/jetbrains/kotlin/descriptors/PossiblyInnerType
instanceKlass org/jetbrains/kotlin/renderer/DescriptorRendererImpl$WhenMappings
instanceKlass org/jetbrains/kotlin/renderer/KeywordStringsGenerated
instanceKlass org/jetbrains/kotlin/diagnostics/rendering/AdaptiveClassifierNamePolicy
instanceKlass org/jetbrains/kotlin/diagnostics/rendering/RenderingContext$Key
instanceKlass org/jetbrains/kotlin/diagnostics/rendering/AdaptiveClassifierNamePolicyKt
instanceKlass org/jetbrains/kotlin/cli/common/messages/CompilerMessageLocationWithRange$Companion
instanceKlass org/jetbrains/kotlin/cli/common/messages/CompilerMessageLocationWithRange
instanceKlass org/jetbrains/kotlin/cli/common/messages/MessageUtil
instanceKlass org/jetbrains/kotlin/com/intellij/openapi/util/text/LineTokenizer
instanceKlass gnu/trove/TByteProcedure
instanceKlass gnu/trove/TByteArrayList
instanceKlass org/jetbrains/kotlin/com/intellij/openapi/editor/impl/LineSet
instanceKlass org/jetbrains/kotlin/diagnostics/PsiDiagnosticUtils
instanceKlass org/jetbrains/kotlin/diagnostics/PsiDiagnosticUtils$LineAndColumn
instanceKlass org/jetbrains/kotlin/diagnostics/PsiDiagnosticUtils$LineAndColumnRange
instanceKlass org/jetbrains/kotlin/cli/common/messages/AnalyzerWithCompilerReport$Companion$WhenMappings
instanceKlass org/jetbrains/kotlin/cli/common/messages/MessageCollectorBasedReporter$DefaultImpls
instanceKlass org/jetbrains/kotlin/diagnostics/rendering/ContextIndependentParameterRenderer$DefaultImpls
instanceKlass org/jetbrains/kotlin/diagnostics/rendering/DiagnosticRendererUtilKt
instanceKlass org/jetbrains/kotlin/diagnostics/rendering/RenderingContext$Companion
instanceKlass org/jetbrains/kotlin/diagnostics/rendering/DefaultErrorMessages$$Lambda$412
instanceKlass org/jetbrains/kotlin/diagnostics/rendering/DefaultErrorMessages$$Lambda$411
instanceKlass org/jetbrains/kotlin/diagnostics/rendering/DefaultErrorMessages$$Lambda$410
instanceKlass org/jetbrains/kotlin/diagnostics/rendering/DefaultErrorMessages$$Lambda$409
instanceKlass org/jetbrains/kotlin/diagnostics/RenderedDiagnostic
instanceKlass org/jetbrains/kotlin/diagnostics/rendering/DefaultErrorMessages$$Lambda$408
instanceKlass org/jetbrains/kotlin/diagnostics/rendering/DefaultErrorMessages$$Lambda$407
instanceKlass org/jetbrains/kotlin/diagnostics/rendering/DefaultErrorMessages$$Lambda$406
instanceKlass org/jetbrains/kotlin/diagnostics/rendering/DefaultErrorMessages$$Lambda$405
instanceKlass org/jetbrains/kotlin/resolve/VarianceConflictDiagnosticData
instanceKlass org/jetbrains/kotlin/diagnostics/rendering/DefaultErrorMessages$$Lambda$404
instanceKlass org/jetbrains/kotlin/diagnostics/rendering/LanguageFeatureMessageRenderer
instanceKlass org/jetbrains/kotlin/diagnostics/rendering/DefaultErrorMessages$$Lambda$403
instanceKlass org/jetbrains/kotlin/diagnostics/rendering/DefaultErrorMessages$$Lambda$402
instanceKlass org/jetbrains/kotlin/serialization/deserialization/IncompatibleVersionErrorData
instanceKlass org/jetbrains/kotlin/diagnostics/rendering/DefaultErrorMessages$$Lambda$401
instanceKlass org/jetbrains/kotlin/diagnostics/rendering/DefaultErrorMessages$$Lambda$400
instanceKlass org/jetbrains/kotlin/diagnostics/rendering/DefaultErrorMessages$$Lambda$399
instanceKlass org/jetbrains/kotlin/diagnostics/rendering/IncompatibleExpectedActualClassScopesRenderer$Companion
instanceKlass org/jetbrains/kotlin/diagnostics/rendering/IncompatibleExpectedActualClassScopesRenderer
instanceKlass org/jetbrains/kotlin/diagnostics/rendering/MultiplatformDiagnosticRenderingMode
instanceKlass org/jetbrains/kotlin/diagnostics/rendering/PlatformIncompatibilityDiagnosticRenderer$Companion
instanceKlass org/jetbrains/kotlin/diagnostics/rendering/PlatformIncompatibilityDiagnosticRenderer
instanceKlass org/jetbrains/kotlin/diagnostics/rendering/DefaultErrorMessages$$Lambda$398
instanceKlass org/jetbrains/kotlin/diagnostics/rendering/DefaultErrorMessages$$Lambda$397
instanceKlass org/jetbrains/kotlin/diagnostics/rendering/MultiRenderer
instanceKlass org/jetbrains/kotlin/diagnostics/TypeMismatchDueToTypeProjectionsData
instanceKlass org/jetbrains/kotlin/resolve/konan/diagnostics/ErrorsNative
instanceKlass org/jetbrains/kotlin/resolve/konan/diagnostics/DefaultErrorMessagesNativeKt
instanceKlass org/jetbrains/kotlin/resolve/konan/diagnostics/DefaultErrorMessagesNative
instanceKlass org/jetbrains/kotlin/js/resolve/diagnostics/RenderFirstLineOfElementText
instanceKlass org/jetbrains/kotlin/js/resolve/diagnostics/JsCallDataRenderer
instanceKlass org/jetbrains/kotlin/js/resolve/diagnostics/ErrorsJs$1
instanceKlass org/jetbrains/kotlin/js/resolve/diagnostics/ErrorsJs
instanceKlass org/jetbrains/kotlin/js/resolve/diagnostics/DefaultErrorMessagesJsKt
instanceKlass org/jetbrains/kotlin/js/resolve/diagnostics/DefaultErrorMessagesJs
instanceKlass org/jetbrains/kotlin/diagnostics/rendering/AnnotationsWhitelistDescriptorRenderer
instanceKlass org/jetbrains/kotlin/diagnostics/rendering/AnnotationsWhitelistDescriptorRendererKt
instanceKlass org/jetbrains/kotlin/diagnostics/rendering/SmartDescriptorRenderer
instanceKlass org/jetbrains/kotlin/diagnostics/rendering/RenderersKt
instanceKlass org/jetbrains/kotlin/diagnostics/rendering/DiagnosticParameterRendererKt$ContextDependentRenderer$1
instanceKlass org/jetbrains/kotlin/diagnostics/rendering/SmartTypeRenderer
instanceKlass org/jetbrains/kotlin/diagnostics/rendering/DiagnosticParameterRendererKt$Renderer$1
instanceKlass org/jetbrains/kotlin/diagnostics/rendering/ContextIndependentParameterRenderer
instanceKlass org/jetbrains/kotlin/diagnostics/rendering/DiagnosticParameterRendererKt
instanceKlass org/jetbrains/kotlin/diagnostics/rendering/Renderers
instanceKlass org/jetbrains/kotlin/diagnostics/rendering/SimpleDiagnosticRenderer
instanceKlass java/util/Locale$1
instanceKlass org/jetbrains/kotlin/diagnostics/rendering/AbstractDiagnosticWithParametersRenderer
instanceKlass org/jetbrains/kotlin/diagnostics/rendering/DiagnosticRenderer
instanceKlass org/jetbrains/kotlin/resolve/jvm/diagnostics/DefaultErrorMessagesJvm$$Lambda$396
instanceKlass org/jetbrains/kotlin/resolve/jvm/diagnostics/ConflictingJvmDeclarationsData
instanceKlass org/jetbrains/kotlin/diagnostics/rendering/RenderingContext
instanceKlass org/jetbrains/kotlin/resolve/jvm/diagnostics/DefaultErrorMessagesJvm
instanceKlass org/jetbrains/kotlin/diagnostics/rendering/DefaultErrorMessages$$Lambda$395
instanceKlass org/jetbrains/kotlin/diagnostics/rendering/DiagnosticParameterRenderer
instanceKlass org/jetbrains/kotlin/diagnostics/rendering/DefaultErrorMessages
instanceKlass org/jetbrains/kotlin/diagnostics/PositioningStrategyKt
instanceKlass org/jetbrains/kotlin/diagnostics/DiagnosticUtils$$Lambda$394
instanceKlass org/jetbrains/kotlin/diagnostics/DiagnosticUtils$$Lambda$393
instanceKlass org/jetbrains/kotlin/diagnostics/DiagnosticUtils
instanceKlass org/jetbrains/kotlin/resolve/diagnostics/KotlinSuppressCache$Suppressor
instanceKlass org/jetbrains/kotlin/resolve/diagnostics/KotlinSuppressCache$DiagnosticSuppressRequest
instanceKlass org/jetbrains/kotlin/resolve/diagnostics/KotlinSuppressCache$SuppressRequest
instanceKlass org/jetbrains/kotlin/cli/common/messages/AnalyzerWithCompilerReport$SyntaxErrorReport
instanceKlass org/jetbrains/kotlin/cli/common/messages/DefaultDiagnosticReporter
instanceKlass org/jetbrains/kotlin/cli/common/messages/MessageCollectorBasedReporter
instanceKlass org/jetbrains/kotlin/cli/common/messages/DiagnosticMessageReporter
instanceKlass org/jetbrains/kotlin/analyzer/AnalysisResult$Companion
instanceKlass org/jetbrains/kotlin/analyzer/AnalysisResult
instanceKlass org/jetbrains/kotlin/com/google/common/collect/AbstractMapBasedMultimap$Itr
instanceKlass org/jetbrains/kotlin/resolve/UseSiteTargetsList
instanceKlass org/jetbrains/kotlin/resolve/checkers/ConstApplicability
instanceKlass org/jetbrains/kotlin/resolve/ModifierCheckerCore$WhenMappings
instanceKlass org/jetbrains/kotlin/descriptors/annotations/AnnotationDescriptorKt
instanceKlass org/jetbrains/kotlin/resolve/checkers/SuspendLimitationsCheckerKt
instanceKlass org/jetbrains/kotlin/descriptors/RelationToType$WhenMappings
instanceKlass org/jetbrains/kotlin/resolve/NonExpansiveInheritanceRestrictionChecker$GraphBuilder$build$1
instanceKlass org/jetbrains/kotlin/resolve/NonExpansiveInheritanceRestrictionChecker$Graph
instanceKlass org/jetbrains/kotlin/resolve/NonExpansiveInheritanceRestrictionChecker$GraphBuilder
instanceKlass org/jetbrains/kotlin/resolve/NonExpansiveInheritanceRestrictionChecker
instanceKlass org/jetbrains/kotlin/resolve/FiniteBoundRestrictionChecker$GraphBuilder$build$1
instanceKlass org/jetbrains/kotlin/resolve/FiniteBoundRestrictionChecker$Graph
instanceKlass org/jetbrains/kotlin/resolve/FiniteBoundRestrictionChecker$GraphBuilder
instanceKlass org/jetbrains/kotlin/resolve/FiniteBoundRestrictionChecker
instanceKlass org/jetbrains/kotlin/cfg/ControlFlowProcessor$CFPVisitor$WhenMappings
instanceKlass org/jetbrains/kotlin/cfg/variable/PseudocodeVariablesData$variableUseStatusData$2$WhenMappings
instanceKlass org/jetbrains/kotlin/resolve/calls/checkers/CapturingInClosureCheckerKt
instanceKlass org/jetbrains/kotlin/contracts/description/EventOccurrencesRangeKt
instanceKlass org/jetbrains/kotlin/cfg/ControlFlowInformationProviderImpl$ReturnedExpressionsInfo
instanceKlass org/jetbrains/kotlin/cfg/UnreachableCodeImpl
instanceKlass org/jetbrains/kotlin/cfg/UnreachableCode
instanceKlass org/jetbrains/kotlin/cfg/variable/VariableUseState$Companion
instanceKlass org/jetbrains/kotlin/cfg/ConstructorConsistencyChecker$Companion
instanceKlass org/jetbrains/kotlin/cfg/ConstructorConsistencyChecker
instanceKlass org/jetbrains/kotlin/cfg/variable/VariableControlFlowState$Companion$WhenMappings
instanceKlass org/jetbrains/kotlin/cfg/variable/VariableControlFlowState$Companion
instanceKlass org/jetbrains/kotlin/cfg/variable/VariableControlFlowState
instanceKlass org/jetbrains/kotlin/descriptors/DescriptorPsiUtilsKt
instanceKlass org/jetbrains/kotlin/cfg/variable/PseudocodeVariablesData$ReadOnlyUseControlFlowInfoImpl
instanceKlass org/jetbrains/kotlin/cfg/ControlFlowInformationProviderImpl$VariableContext
instanceKlass org/jetbrains/kotlin/resolve/BodyResolver$$Lambda$392
instanceKlass java/lang/invoke/LambdaForm$DMH
instanceKlass org/jetbrains/kotlin/com/intellij/util/containers/Queue
instanceKlass org/jetbrains/kotlin/resolve/calls/components/ResolutionPartsKt$WhenMappings
instanceKlass org/jetbrains/kotlin/builtins/functions/FunctionClassDescriptor$FunctionTypeConstructor$WhenMappings
instanceKlass org/jetbrains/kotlin/builtins/functions/FunctionInvokeDescriptor$Factory
instanceKlass org/jetbrains/kotlin/builtins/functions/FunctionClassScope$WhenMappings
instanceKlass jdk/internal/math/FloatingDecimal$ASCIIToBinaryBuffer
instanceKlass javaslang/collection/List$1
instanceKlass org/jetbrains/kotlin/types/AbstractStubType$Companion
instanceKlass javaslang/control/Option$1
instanceKlass org/jetbrains/kotlin/types/expressions/ExpressionTypingVisitorDispatcher$1
instanceKlass kotlin/jvm/internal/StringCompanionObject
instanceKlass org/jetbrains/kotlin/cfg/ControlFlowProcessor$CatchFinallyLabels
instanceKlass org/jetbrains/kotlin/cfg/ControlFlowProcessor$CFPVisitor$FinallyBlockGenerator
instanceKlass org/jetbrains/kotlin/resolve/checkers/Experimentality
instanceKlass org/jetbrains/kotlin/resolve/calls/smartcasts/MultipleSmartCasts
instanceKlass org/jetbrains/kotlin/com/intellij/util/containers/LockFreeCopyOnWriteArrayList$COWIterator
instanceKlass org/jetbrains/kotlin/contracts/description/expressions/IsNullPredicate
instanceKlass org/jetbrains/kotlin/resolve/calls/results/ManyCandidates$WhenMappings
instanceKlass org/jetbrains/kotlin/resolve/calls/model/ArgumentUnmapped
instanceKlass org/jetbrains/kotlin/resolve/calls/inference/components/ConstraintInjector$TypeCheckerContext$WhenMappings
instanceKlass org/jetbrains/kotlin/resolve/calls/CallResolver$1
instanceKlass org/jetbrains/kotlin/resolve/calls/tower/InvokeProcessorsKt
instanceKlass org/jetbrains/kotlin/resolve/calls/inference/components/ConstraintIncorporatorKt
instanceKlass org/jetbrains/kotlin/types/checker/ClassicTypeSystemContextKt$WhenMappings
instanceKlass org/jetbrains/kotlin/resolve/calls/inference/components/ConstraintIncorporator$WhenMappings
instanceKlass org/jetbrains/kotlin/resolve/deprecation/DeprecatedExperimentalCoroutine
instanceKlass org/jetbrains/kotlin/builtins/FunctionTypesKt$isTypeOrSubtypeOf$1
instanceKlass org/jetbrains/kotlin/types/AbstractFlexibilityChecker
instanceKlass org/jetbrains/kotlin/resolve/constants/CompileTimeConstantChecker$CharacterWithDiagnostic
instanceKlass org/jetbrains/kotlin/resolve/calls/inference/model/ConstraintStorageKt$WhenMappings
instanceKlass org/jetbrains/kotlin/resolve/calls/inference/model/ConstraintStorageKt
instanceKlass org/jetbrains/kotlin/resolve/scopes/TypeIntersectionScope$Companion
instanceKlass org/jetbrains/kotlin/contracts/model/structure/ESOr
instanceKlass org/jetbrains/kotlin/contracts/model/structure/ESAnd
instanceKlass org/jetbrains/kotlin/resolve/jvm/checkers/RepeatableAnnotationChecker$ResolvedAnnotation
instanceKlass org/jetbrains/kotlin/resolve/calls/smartcasts/IdentifierInfo$PostfixIdentifierInfo
instanceKlass org/jetbrains/kotlin/resolve/ImportedFromObjectKt
instanceKlass org/jetbrains/kotlin/com/intellij/openapi/util/TextRange
instanceKlass org/jetbrains/kotlin/com/intellij/openapi/util/Segment
instanceKlass org/jetbrains/kotlin/cfg/CfgContainingDeclarationUtilsKt
instanceKlass org/jetbrains/kotlin/types/expressions/AssignedVariablesSearcher$Writer
instanceKlass org/jetbrains/kotlin/types/expressions/FakeCallResolver$resolveFakeCall$result$1$$Lambda$391
instanceKlass org/jetbrains/kotlin/types/expressions/FakeCallResolver$TracingStrategyForIteratorCall
instanceKlass org/jetbrains/kotlin/types/expressions/FakeCallResolver$WhenMappings
instanceKlass org/jetbrains/kotlin/com/intellij/psi/impl/source/tree/Factory
instanceKlass org/jetbrains/kotlin/resolve/deprecation/DeprecatedByOverridden
instanceKlass javaslang/ValueModule$$Lambda$390
instanceKlass org/jetbrains/kotlin/contracts/model/functors/FunctorsUtilsKt
instanceKlass org/jetbrains/kotlin/resolve/calls/tower/MemberScopeTowerLevel$approximateCapturedTypes$wrappedSubstitution$1$WhenMappings
instanceKlass org/jetbrains/kotlin/types/expressions/ControlStructureTypingVisitor$$Lambda$389
instanceKlass java/util/stream/ReduceOps$Box
instanceKlass java/util/stream/ReduceOps$AccumulatingSink
instanceKlass java/util/stream/ReduceOps$ReduceOp
instanceKlass java/util/stream/ReduceOps
instanceKlass java/util/stream/Collectors$$Lambda$388
instanceKlass java/util/stream/Collectors$$Lambda$387
instanceKlass java/util/function/BinaryOperator
instanceKlass java/util/stream/Collectors$$Lambda$386
instanceKlass java/util/stream/Collectors$$Lambda$385
instanceKlass java/util/stream/Collectors$CollectorImpl
instanceKlass java/util/stream/Collector
instanceKlass java/util/stream/Collectors
instanceKlass org/jetbrains/kotlin/types/expressions/ControlStructureTypingVisitor$$Lambda$384
instanceKlass org/jetbrains/kotlin/types/expressions/ControlStructureTypingVisitor$$Lambda$383
instanceKlass org/jetbrains/kotlin/types/expressions/PreliminaryLoopVisitor$$Lambda$382
instanceKlass org/jetbrains/kotlin/types/expressions/PreliminaryLoopVisitor$$Lambda$381
instanceKlass org/jetbrains/kotlin/types/expressions/PreliminaryLoopVisitor$Companion
instanceKlass org/jetbrains/kotlin/types/expressions/ControlStructureTypingVisitor$$Lambda$380
instanceKlass org/jetbrains/kotlin/cfg/pseudocode/ControlFlowInstructionsGenerator$ControlFlowInstructionsGeneratorWorker$WhenMappings
instanceKlass org/jetbrains/kotlin/load/java/ClassicBuiltinSpecialProperties
instanceKlass org/jetbrains/kotlin/cfg/WhenOnExpectExhaustivenessChecker
instanceKlass org/jetbrains/kotlin/types/TypeUtils$4
instanceKlass org/jetbrains/kotlin/types/TypeUnifier$UnificationResultImpl
instanceKlass org/jetbrains/kotlin/types/TypeUnifier$UnificationResult
instanceKlass org/jetbrains/kotlin/types/TypeUnifier
instanceKlass org/jetbrains/kotlin/types/CastDiagnosticsUtil$$Lambda$379
instanceKlass org/jetbrains/kotlin/types/checker/TypeCheckerProcedureCallbacksImpl
instanceKlass org/jetbrains/kotlin/cfg/WhenOnNullableExhaustivenessChecker
instanceKlass org/jetbrains/kotlin/resolve/calls/tower/AbstractInvokeTowerProcessor$VariableInvokeProcessor
instanceKlass org/jetbrains/kotlin/synthetic/JavaSyntheticPropertiesScopeKt
instanceKlass org/jetbrains/kotlin/synthetic/SyntheticJavaPropertyDescriptor$Companion$findByGetterOrSetter$3
instanceKlass org/jetbrains/kotlin/contracts/model/structure/ESReceiver
instanceKlass org/jetbrains/kotlin/types/model/TypeSystemTypeFactoryContext$DefaultImpls
instanceKlass org/jetbrains/kotlin/resolve/calls/model/SamConversionDescription
instanceKlass org/jetbrains/kotlin/com/intellij/psi/impl/source/PsiFieldImpl$OurConstValueComputer
instanceKlass org/jetbrains/kotlin/com/intellij/util/keyFMap/MapBackedFMap$1
instanceKlass org/jetbrains/kotlin/types/model/TypeSystemContext$iterator$1
instanceKlass org/jetbrains/kotlin/resolve/calls/model/PartialCallContainer$Companion
instanceKlass org/jetbrains/kotlin/resolve/calls/model/PartialCallContainer
instanceKlass org/jetbrains/kotlin/resolve/sam/SamConstructorTypeParameters
instanceKlass org/jetbrains/kotlin/resolve/sam/SamConstructorUtilsKt
instanceKlass org/jetbrains/kotlin/resolve/sam/SamConversionResolverKt
instanceKlass org/jetbrains/kotlin/resolve/deprecation/DeprecationUtilKt$WhenMappings
instanceKlass org/jetbrains/kotlin/resolve/deprecation/DeprecatedTypealiasByAnnotation
instanceKlass org/jetbrains/kotlin/resolve/deprecation/DeprecatedByVersionRequirement
instanceKlass org/jetbrains/kotlin/resolve/deprecation/DeprecationUtilKt
instanceKlass org/jetbrains/kotlin/resolve/deprecation/DeprecatedByAnnotation$Companion
instanceKlass org/jetbrains/kotlin/resolve/deprecation/DeprecatedByAnnotation
instanceKlass org/jetbrains/kotlin/resolve/checkers/PrimitiveNumericComparisonInfo
instanceKlass org/jetbrains/kotlin/resolve/descriptorUtil/DescriptorUtilsKt$declaresOrInheritsDefaultValue$1
instanceKlass org/jetbrains/kotlin/resolve/calls/smartcasts/SingleSmartCast
instanceKlass org/jetbrains/kotlin/resolve/calls/smartcasts/ExplicitSmartCasts
instanceKlass org/jetbrains/kotlin/resolve/OverridingUtilsKt
instanceKlass org/jetbrains/kotlin/resolve/calls/DslMarkerUtils$FunctionTypeAnnotationsKey
instanceKlass org/jetbrains/kotlin/descriptors/annotations/BuiltInAnnotationDescriptor
instanceKlass org/jetbrains/kotlin/metadata/jvm/deserialization/JvmFlags
instanceKlass org/jetbrains/kotlin/contracts/model/visitors/Substitutor
instanceKlass org/jetbrains/kotlin/contracts/description/ReturnsEffectDeclaration
instanceKlass org/jetbrains/kotlin/contracts/description/ConditionalEffectDeclaration
instanceKlass org/jetbrains/kotlin/contracts/interpretation/CallsEffectInterpreter
instanceKlass org/jetbrains/kotlin/contracts/interpretation/ReturnsEffectInterpreter
instanceKlass org/jetbrains/kotlin/contracts/interpretation/EffectDeclarationInterpreter
instanceKlass org/jetbrains/kotlin/contracts/interpretation/ConditionalEffectInterpreter
instanceKlass org/jetbrains/kotlin/contracts/interpretation/ConditionInterpreter
instanceKlass org/jetbrains/kotlin/contracts/description/ContractDescriptionVisitor
instanceKlass org/jetbrains/kotlin/contracts/interpretation/ConstantValuesInterpreter
instanceKlass org/jetbrains/kotlin/contracts/interpretation/ContractInterpretationDispatcher
instanceKlass org/jetbrains/kotlin/psi/KtElementUtilsKt
instanceKlass org/jetbrains/kotlin/resolve/calls/tower/FunctionLiteralTypes
instanceKlass org/jetbrains/kotlin/resolve/calls/tower/FunctionLiteralTypes$ProcessedType
instanceKlass org/jetbrains/kotlin/resolve/calls/CommonSuperTypeUtilsKt
instanceKlass org/jetbrains/kotlin/resolve/calls/components/ReturnArgumentsInfo$Companion
instanceKlass org/jetbrains/kotlin/resolve/calls/components/ReturnArgumentsInfo
instanceKlass org/jetbrains/kotlin/types/expressions/FunctionsTypingVisitorKt
instanceKlass org/jetbrains/kotlin/types/CommonSupertypes
instanceKlass org/jetbrains/kotlin/resolve/descriptorUtil/DescriptorUtilsKt$firstOverridden$1
instanceKlass org/jetbrains/kotlin/descriptors/SourceFile$1
instanceKlass org/jetbrains/kotlin/builtins/jvm/JvmBuiltInsCustomizer$WhenMappings
instanceKlass org/jetbrains/kotlin/builtins/jvm/JvmBuiltInsCustomizer$getJdkMethodStatus$1
instanceKlass org/jetbrains/kotlin/builtins/jvm/JvmBuiltInsCustomizer$isMutabilityViolation$1
instanceKlass org/jetbrains/kotlin/resolve/calls/inference/components/SimpleConstraintSystemImpl
instanceKlass org/jetbrains/kotlin/resolve/calls/results/OverloadingConflictResolver$WhenMappings
instanceKlass org/jetbrains/kotlin/types/checker/NullabilityChecker
instanceKlass org/jetbrains/kotlin/types/checker/TypeIntersector
instanceKlass org/jetbrains/kotlin/types/checker/IntersectionTypeKt
instanceKlass javaslang/collection/HashArrayMappedTrieModule$AbstractNode$$Lambda$378
